This is pdfTeX, Version 3.141592653-2.6-1.40.25 (MiKTeX 24.1) (preloaded format=pdflatex 2024.10.12)  17 OCT 2024 22:06
entering extended mode
 restricted \write18 enabled.
 file:line:error style messages enabled.
 %&-line parsing enabled.
**e:/универ/GraduationProject/present/presentatiom.tex
(e:/универ/GraduationProject/present/presentatiom.tex
LaTeX2e <2023-11-01> patch level 1
L3 programming layer <2024-01-04>
(C:\Users\kovai\AppData\Local\Programs\MiKTeX\tex/latex/beamer\beamer.cls
Document Class: beamer 2024/01/06 v3.71 A class for typesetting presentations
(C:\Users\kovai\AppData\Local\Programs\MiKTeX\tex/latex/beamer\beamerbasemodes.sty (C:\Users\kovai\AppData\Local\Programs\MiKTeX\tex/latex/etoolbox\etoolbox.sty
Package: etoolbox 2020/10/05 v2.5k e-TeX tools for LaTeX (JAW)
\etb@tempcnta=\count187
)
\beamer@tempbox=\box51
\beamer@tempcount=\count188
\c@beamerpauses=\count189
 (C:\Users\kovai\AppData\Local\Programs\MiKTeX\tex/latex/beamer\beamerbasedecode.sty
\beamer@slideinframe=\count190
\beamer@minimum=\count191
\beamer@decode@box=\box52
)
\beamer@commentbox=\box53
\beamer@modecount=\count192
) (C:\Users\kovai\AppData\Local\Programs\MiKTeX\tex/generic/iftex\iftex.sty
Package: iftex 2022/02/03 v1.0f TeX engine tests
)
\headdp=\dimen140
\footheight=\dimen141
\sidebarheight=\dimen142
\beamer@tempdim=\dimen143
\beamer@finalheight=\dimen144
\beamer@animht=\dimen145
\beamer@animdp=\dimen146
\beamer@animwd=\dimen147
\beamer@leftmargin=\dimen148
\beamer@rightmargin=\dimen149
\beamer@leftsidebar=\dimen150
\beamer@rightsidebar=\dimen151
\beamer@boxsize=\dimen152
\beamer@vboxoffset=\dimen153
\beamer@descdefault=\dimen154
\beamer@descriptionwidth=\dimen155
\beamer@lastskip=\skip48
\beamer@areabox=\box54
\beamer@animcurrent=\box55
\beamer@animshowbox=\box56
\beamer@sectionbox=\box57
\beamer@logobox=\box58
\beamer@linebox=\box59
\beamer@sectioncount=\count193
\beamer@subsubsectionmax=\count194
\beamer@subsectionmax=\count195
\beamer@sectionmax=\count196
\beamer@totalheads=\count197
\beamer@headcounter=\count198
\beamer@partstartpage=\count199
\beamer@sectionstartpage=\count266
\beamer@subsectionstartpage=\count267
\beamer@animationtempa=\count268
\beamer@animationtempb=\count269
\beamer@xpos=\count270
\beamer@ypos=\count271
\beamer@ypos@offset=\count272
\beamer@showpartnumber=\count273
\beamer@currentsubsection=\count274
\beamer@coveringdepth=\count275
\beamer@sectionadjust=\count276
\beamer@toclastsection=\count277
\beamer@tocsectionnumber=\count278
 (C:\Users\kovai\AppData\Local\Programs\MiKTeX\tex/latex/beamer\beamerbaseoptions.sty (C:\Users\kovai\AppData\Local\Programs\MiKTeX\tex/latex/graphics\keyval.sty
Package: keyval 2022/05/29 v1.15 key=value parser (DPC)
\KV@toks@=\toks17
))
\beamer@paperwidth=\skip49
\beamer@paperheight=\skip50
 (C:\Users\kovai\AppData\Local\Programs\MiKTeX\tex/latex/geometry\geometry.sty
Package: geometry 2020/01/02 v5.9 Page Geometry
 (C:\Users\kovai\AppData\Local\Programs\MiKTeX\tex/generic/iftex\ifvtex.sty
Package: ifvtex 2019/10/25 v1.7 ifvtex legacy package. Use iftex instead.
)
\Gm@cnth=\count279
\Gm@cntv=\count280
\c@Gm@tempcnt=\count281
\Gm@bindingoffset=\dimen156
\Gm@wd@mp=\dimen157
\Gm@odd@mp=\dimen158
\Gm@even@mp=\dimen159
\Gm@layoutwidth=\dimen160
\Gm@layoutheight=\dimen161
\Gm@layouthoffset=\dimen162
\Gm@layoutvoffset=\dimen163
\Gm@dimlist=\toks18
 (C:\Users\kovai\AppData\Local\Programs\MiKTeX\tex/latex/geometry\geometry.cfg)) (C:\Users\kovai\AppData\Local\Programs\MiKTeX\tex/latex/pgf/math\pgfmath.sty (C:\Users\kovai\AppData\Local\Programs\MiKTeX\tex/latex/pgf/utilities\pgfrcs.sty (C:\Users\kovai\AppData\Local\Programs\MiKTeX\tex/generic/pgf/utilities\pgfutil-common.tex
\pgfutil@everybye=\toks19
\pgfutil@tempdima=\dimen164
\pgfutil@tempdimb=\dimen165
) (C:\Users\kovai\AppData\Local\Programs\MiKTeX\tex/generic/pgf/utilities\pgfutil-latex.def
\pgfutil@abb=\box60
) (C:\Users\kovai\AppData\Local\Programs\MiKTeX\tex/generic/pgf/utilities\pgfrcs.code.tex (C:\Users\kovai\AppData\Local\Programs\MiKTeX\tex/generic/pgf\pgf.revision.tex)
Package: pgfrcs 2023-01-15 v3.1.10 (3.1.10)
)) (C:\Users\kovai\AppData\Local\Programs\MiKTeX\tex/latex/pgf/utilities\pgfkeys.sty (C:\Users\kovai\AppData\Local\Programs\MiKTeX\tex/generic/pgf/utilities\pgfkeys.code.tex
\pgfkeys@pathtoks=\toks20
\pgfkeys@temptoks=\toks21
 (C:\Users\kovai\AppData\Local\Programs\MiKTeX\tex/generic/pgf/utilities\pgfkeyslibraryfiltered.code.tex
\pgfkeys@tmptoks=\toks22
))) (C:\Users\kovai\AppData\Local\Programs\MiKTeX\tex/generic/pgf/math\pgfmath.code.tex (C:\Users\kovai\AppData\Local\Programs\MiKTeX\tex/generic/pgf/math\pgfmathutil.code.tex
\pgf@x=\dimen166
\pgf@xa=\dimen167
\pgf@xb=\dimen168
\pgf@xc=\dimen169
\pgf@y=\dimen170
\pgf@ya=\dimen171
\pgf@yb=\dimen172
\pgf@yc=\dimen173
\c@pgf@counta=\count282
\c@pgf@countb=\count283
\c@pgf@countc=\count284
\c@pgf@countd=\count285
) (C:\Users\kovai\AppData\Local\Programs\MiKTeX\tex/generic/pgf/math\pgfmathparser.code.tex
\pgfmath@dimen=\dimen174
\pgfmath@count=\count286
\pgfmath@box=\box61
\pgfmath@toks=\toks23
\pgfmath@stack@operand=\toks24
\pgfmath@stack@operation=\toks25
) (C:\Users\kovai\AppData\Local\Programs\MiKTeX\tex/generic/pgf/math\pgfmathfunctions.code.tex) (C:\Users\kovai\AppData\Local\Programs\MiKTeX\tex/generic/pgf/math\pgfmathfunctions.basic.code.tex) (C:\Users\kovai\AppData\Local\Programs\MiKTeX\tex/generic/pgf/math\pgfmathfunctions.trigonometric.code.tex) (C:\Users\kovai\AppData\Local\Programs\MiKTeX\tex/generic/pgf/math\pgfmathfunctions.random.code.tex) (C:\Users\kovai\AppData\Local\Programs\MiKTeX\tex/generic/pgf/math\pgfmathfunctions.comparison.code.tex) (C:\Users\kovai\AppData\Local\Programs\MiKTeX\tex/generic/pgf/math\pgfmathfunctions.base.code.tex) (C:\Users\kovai\AppData\Local\Programs\MiKTeX\tex/generic/pgf/math\pgfmathfunctions.round.code.tex) (C:\Users\kovai\AppData\Local\Programs\MiKTeX\tex/generic/pgf/math\pgfmathfunctions.misc.code.tex) (C:\Users\kovai\AppData\Local\Programs\MiKTeX\tex/generic/pgf/math\pgfmathfunctions.integerarithmetics.code.tex) (C:\Users\kovai\AppData\Local\Programs\MiKTeX\tex/generic/pgf/math\pgfmathcalc.code.tex) (C:\Users\kovai\AppData\Local\Programs\MiKTeX\tex/generic/pgf/math\pgfmathfloat.code.tex
\c@pgfmathroundto@lastzeros=\count287
))) (C:\Users\kovai\AppData\Local\Programs\MiKTeX\tex/latex/base\size11.clo
File: size11.clo 2023/05/17 v1.4n Standard LaTeX file (size option)
) (C:\Users\kovai\AppData\Local\Programs\MiKTeX\tex/latex/pgf/basiclayer\pgfcore.sty (C:\Users\kovai\AppData\Local\Programs\MiKTeX\tex/latex/graphics\graphicx.sty
Package: graphicx 2021/09/16 v1.2d Enhanced LaTeX Graphics (DPC,SPQR)
 (C:\Users\kovai\AppData\Local\Programs\MiKTeX\tex/latex/graphics\graphics.sty
Package: graphics 2022/03/10 v1.4e Standard LaTeX Graphics (DPC,SPQR)
 (C:\Users\kovai\AppData\Local\Programs\MiKTeX\tex/latex/graphics\trig.sty
Package: trig 2021/08/11 v1.11 sin cos tan (DPC)
) (C:\Users\kovai\AppData\Local\Programs\MiKTeX\tex/latex/graphics-cfg\graphics.cfg
File: graphics.cfg 2016/06/04 v1.11 sample graphics configuration
)
Package graphics Info: Driver file: pdftex.def on input line 107.
 (C:\Users\kovai\AppData\Local\Programs\MiKTeX\tex/latex/graphics-def\pdftex.def
File: pdftex.def 2022/09/22 v1.2b Graphics/color driver for pdftex
))
\Gin@req@height=\dimen175
\Gin@req@width=\dimen176
) (C:\Users\kovai\AppData\Local\Programs\MiKTeX\tex/latex/pgf/systemlayer\pgfsys.sty (C:\Users\kovai\AppData\Local\Programs\MiKTeX\tex/generic/pgf/systemlayer\pgfsys.code.tex
Package: pgfsys 2023-01-15 v3.1.10 (3.1.10)
\pgf@x=\dimen177
\pgf@y=\dimen178
\pgf@xa=\dimen179
\pgf@ya=\dimen180
\pgf@xb=\dimen181
\pgf@yb=\dimen182
\pgf@xc=\dimen183
\pgf@yc=\dimen184
\pgf@xd=\dimen185
\pgf@yd=\dimen186
\w@pgf@writea=\write3
\r@pgf@reada=\read2
\c@pgf@counta=\count288
\c@pgf@countb=\count289
\c@pgf@countc=\count290
\c@pgf@countd=\count291
\t@pgf@toka=\toks26
\t@pgf@tokb=\toks27
\t@pgf@tokc=\toks28
\pgf@sys@id@count=\count292
 (C:\Users\kovai\AppData\Local\Programs\MiKTeX\tex/generic/pgf/systemlayer\pgf.cfg
File: pgf.cfg 2023-01-15 v3.1.10 (3.1.10)
)
Driver file for pgf: pgfsys-pdftex.def
 (C:\Users\kovai\AppData\Local\Programs\MiKTeX\tex/generic/pgf/systemlayer\pgfsys-pdftex.def
File: pgfsys-pdftex.def 2023-01-15 v3.1.10 (3.1.10)
 (C:\Users\kovai\AppData\Local\Programs\MiKTeX\tex/generic/pgf/systemlayer\pgfsys-common-pdf.def
File: pgfsys-common-pdf.def 2023-01-15 v3.1.10 (3.1.10)
))) (C:\Users\kovai\AppData\Local\Programs\MiKTeX\tex/generic/pgf/systemlayer\pgfsyssoftpath.code.tex
File: pgfsyssoftpath.code.tex 2023-01-15 v3.1.10 (3.1.10)
\pgfsyssoftpath@smallbuffer@items=\count293
\pgfsyssoftpath@bigbuffer@items=\count294
) (C:\Users\kovai\AppData\Local\Programs\MiKTeX\tex/generic/pgf/systemlayer\pgfsysprotocol.code.tex
File: pgfsysprotocol.code.tex 2023-01-15 v3.1.10 (3.1.10)
)) (C:\Users\kovai\AppData\Local\Programs\MiKTeX\tex/latex/xcolor\xcolor.sty
Package: xcolor 2023/11/15 v3.01 LaTeX color extensions (UK)
 (C:\Users\kovai\AppData\Local\Programs\MiKTeX\tex/latex/graphics-cfg\color.cfg
File: color.cfg 2016/01/02 v1.6 sample color configuration
)
Package xcolor Info: Driver file: pdftex.def on input line 274.
 (C:\Users\kovai\AppData\Local\Programs\MiKTeX\tex/latex/graphics\mathcolor.ltx)
Package xcolor Info: Model `cmy' substituted by `cmy0' on input line 1350.
Package xcolor Info: Model `hsb' substituted by `rgb' on input line 1354.
Package xcolor Info: Model `RGB' extended on input line 1366.
Package xcolor Info: Model `HTML' substituted by `rgb' on input line 1368.
Package xcolor Info: Model `Hsb' substituted by `hsb' on input line 1369.
Package xcolor Info: Model `tHsb' substituted by `hsb' on input line 1370.
Package xcolor Info: Model `HSB' substituted by `hsb' on input line 1371.
Package xcolor Info: Model `Gray' substituted by `gray' on input line 1372.
Package xcolor Info: Model `wave' substituted by `hsb' on input line 1373.
) (C:\Users\kovai\AppData\Local\Programs\MiKTeX\tex/generic/pgf/basiclayer\pgfcore.code.tex
Package: pgfcore 2023-01-15 v3.1.10 (3.1.10)
 (C:\Users\kovai\AppData\Local\Programs\MiKTeX\tex/generic/pgf/math\pgfint.code.tex) (C:\Users\kovai\AppData\Local\Programs\MiKTeX\tex/generic/pgf/basiclayer\pgfcorepoints.code.tex
File: pgfcorepoints.code.tex 2023-01-15 v3.1.10 (3.1.10)
\pgf@picminx=\dimen187
\pgf@picmaxx=\dimen188
\pgf@picminy=\dimen189
\pgf@picmaxy=\dimen190
\pgf@pathminx=\dimen191
\pgf@pathmaxx=\dimen192
\pgf@pathminy=\dimen193
\pgf@pathmaxy=\dimen194
\pgf@xx=\dimen195
\pgf@xy=\dimen196
\pgf@yx=\dimen197
\pgf@yy=\dimen198
\pgf@zx=\dimen199
\pgf@zy=\dimen256
) (C:\Users\kovai\AppData\Local\Programs\MiKTeX\tex/generic/pgf/basiclayer\pgfcorepathconstruct.code.tex
File: pgfcorepathconstruct.code.tex 2023-01-15 v3.1.10 (3.1.10)
\pgf@path@lastx=\dimen257
\pgf@path@lasty=\dimen258
) (C:\Users\kovai\AppData\Local\Programs\MiKTeX\tex/generic/pgf/basiclayer\pgfcorepathusage.code.tex
File: pgfcorepathusage.code.tex 2023-01-15 v3.1.10 (3.1.10)
\pgf@shorten@end@additional=\dimen259
\pgf@shorten@start@additional=\dimen260
) (C:\Users\kovai\AppData\Local\Programs\MiKTeX\tex/generic/pgf/basiclayer\pgfcorescopes.code.tex
File: pgfcorescopes.code.tex 2023-01-15 v3.1.10 (3.1.10)
\pgfpic=\box62
\pgf@hbox=\box63
\pgf@layerbox@main=\box64
\pgf@picture@serial@count=\count295
) (C:\Users\kovai\AppData\Local\Programs\MiKTeX\tex/generic/pgf/basiclayer\pgfcoregraphicstate.code.tex
File: pgfcoregraphicstate.code.tex 2023-01-15 v3.1.10 (3.1.10)
\pgflinewidth=\dimen261
) (C:\Users\kovai\AppData\Local\Programs\MiKTeX\tex/generic/pgf/basiclayer\pgfcoretransformations.code.tex
File: pgfcoretransformations.code.tex 2023-01-15 v3.1.10 (3.1.10)
\pgf@pt@x=\dimen262
\pgf@pt@y=\dimen263
\pgf@pt@temp=\dimen264
) (C:\Users\kovai\AppData\Local\Programs\MiKTeX\tex/generic/pgf/basiclayer\pgfcorequick.code.tex
File: pgfcorequick.code.tex 2023-01-15 v3.1.10 (3.1.10)
) (C:\Users\kovai\AppData\Local\Programs\MiKTeX\tex/generic/pgf/basiclayer\pgfcoreobjects.code.tex
File: pgfcoreobjects.code.tex 2023-01-15 v3.1.10 (3.1.10)
) (C:\Users\kovai\AppData\Local\Programs\MiKTeX\tex/generic/pgf/basiclayer\pgfcorepathprocessing.code.tex
File: pgfcorepathprocessing.code.tex 2023-01-15 v3.1.10 (3.1.10)
) (C:\Users\kovai\AppData\Local\Programs\MiKTeX\tex/generic/pgf/basiclayer\pgfcorearrows.code.tex
File: pgfcorearrows.code.tex 2023-01-15 v3.1.10 (3.1.10)
\pgfarrowsep=\dimen265
) (C:\Users\kovai\AppData\Local\Programs\MiKTeX\tex/generic/pgf/basiclayer\pgfcoreshade.code.tex
File: pgfcoreshade.code.tex 2023-01-15 v3.1.10 (3.1.10)
\pgf@max=\dimen266
\pgf@sys@shading@range@num=\count296
\pgf@shadingcount=\count297
) (C:\Users\kovai\AppData\Local\Programs\MiKTeX\tex/generic/pgf/basiclayer\pgfcoreimage.code.tex
File: pgfcoreimage.code.tex 2023-01-15 v3.1.10 (3.1.10)
) (C:\Users\kovai\AppData\Local\Programs\MiKTeX\tex/generic/pgf/basiclayer\pgfcoreexternal.code.tex
File: pgfcoreexternal.code.tex 2023-01-15 v3.1.10 (3.1.10)
\pgfexternal@startupbox=\box65
) (C:\Users\kovai\AppData\Local\Programs\MiKTeX\tex/generic/pgf/basiclayer\pgfcorelayers.code.tex
File: pgfcorelayers.code.tex 2023-01-15 v3.1.10 (3.1.10)
) (C:\Users\kovai\AppData\Local\Programs\MiKTeX\tex/generic/pgf/basiclayer\pgfcoretransparency.code.tex
File: pgfcoretransparency.code.tex 2023-01-15 v3.1.10 (3.1.10)
) (C:\Users\kovai\AppData\Local\Programs\MiKTeX\tex/generic/pgf/basiclayer\pgfcorepatterns.code.tex
File: pgfcorepatterns.code.tex 2023-01-15 v3.1.10 (3.1.10)
) (C:\Users\kovai\AppData\Local\Programs\MiKTeX\tex/generic/pgf/basiclayer\pgfcorerdf.code.tex
File: pgfcorerdf.code.tex 2023-01-15 v3.1.10 (3.1.10)
))) (C:\Users\kovai\AppData\Local\Programs\MiKTeX\tex/latex/pgf/utilities\xxcolor.sty
Package: xxcolor 2003/10/24 ver 0.1
\XC@nummixins=\count298
\XC@countmixins=\count299
) (C:\Users\kovai\AppData\Local\Programs\MiKTeX\tex/latex/base\atbegshi-ltx.sty
Package: atbegshi-ltx 2021/01/10 v1.0c Emulation of the original atbegshi
package with kernel methods
) (C:\Users\kovai\AppData\Local\Programs\MiKTeX\tex/latex/hyperref\hyperref.sty
Package: hyperref 2023-11-26 v7.01g Hypertext links for LaTeX
 (C:\Users\kovai\AppData\Local\Programs\MiKTeX\tex/generic/infwarerr\infwarerr.sty
Package: infwarerr 2019/12/03 v1.5 Providing info/warning/error messages (HO)
) (C:\Users\kovai\AppData\Local\Programs\MiKTeX\tex/latex/kvsetkeys\kvsetkeys.sty
Package: kvsetkeys 2022-10-05 v1.19 Key value parser (HO)
) (C:\Users\kovai\AppData\Local\Programs\MiKTeX\tex/generic/kvdefinekeys\kvdefinekeys.sty
Package: kvdefinekeys 2019-12-19 v1.6 Define keys (HO)
) (C:\Users\kovai\AppData\Local\Programs\MiKTeX\tex/generic/pdfescape\pdfescape.sty
Package: pdfescape 2019/12/09 v1.15 Implements pdfTeX's escape features (HO)
 (C:\Users\kovai\AppData\Local\Programs\MiKTeX\tex/generic/ltxcmds\ltxcmds.sty
Package: ltxcmds 2023-12-04 v1.26 LaTeX kernel commands for general use (HO)
) (C:\Users\kovai\AppData\Local\Programs\MiKTeX\tex/generic/pdftexcmds\pdftexcmds.sty
Package: pdftexcmds 2020-06-27 v0.33 Utility functions of pdfTeX for LuaTeX (HO)
Package pdftexcmds Info: \pdf@primitive is available.
Package pdftexcmds Info: \pdf@ifprimitive is available.
Package pdftexcmds Info: \pdfdraftmode found.
)) (C:\Users\kovai\AppData\Local\Programs\MiKTeX\tex/latex/hycolor\hycolor.sty
Package: hycolor 2020-01-27 v1.10 Color options for hyperref/bookmark (HO)
) (C:\Users\kovai\AppData\Local\Programs\MiKTeX\tex/latex/letltxmacro\letltxmacro.sty
Package: letltxmacro 2019/12/03 v1.6 Let assignment for LaTeX macros (HO)
) (C:\Users\kovai\AppData\Local\Programs\MiKTeX\tex/latex/auxhook\auxhook.sty
Package: auxhook 2019-12-17 v1.6 Hooks for auxiliary files (HO)
) (C:\Users\kovai\AppData\Local\Programs\MiKTeX\tex/latex/hyperref\nameref.sty
Package: nameref 2023-11-26 v2.56 Cross-referencing by name of section
 (C:\Users\kovai\AppData\Local\Programs\MiKTeX\tex/latex/refcount\refcount.sty
Package: refcount 2019/12/15 v3.6 Data extraction from label references (HO)
) (C:\Users\kovai\AppData\Local\Programs\MiKTeX\tex/generic/gettitlestring\gettitlestring.sty
Package: gettitlestring 2019/12/15 v1.6 Cleanup title references (HO)
 (C:\Users\kovai\AppData\Local\Programs\MiKTeX\tex/latex/kvoptions\kvoptions.sty
Package: kvoptions 2022-06-15 v3.15 Key value format for package options (HO)
))
\c@section@level=\count300
)
\@linkdim=\dimen267
\Hy@linkcounter=\count301
\Hy@pagecounter=\count302
 (C:\Users\kovai\AppData\Local\Programs\MiKTeX\tex/latex/hyperref\pd1enc.def
File: pd1enc.def 2023-11-26 v7.01g Hyperref: PDFDocEncoding definition (HO)
Now handling font encoding PD1 ...
... no UTF-8 mapping file for font encoding PD1
) (C:\Users\kovai\AppData\Local\Programs\MiKTeX\tex/generic/intcalc\intcalc.sty
Package: intcalc 2019/12/15 v1.3 Expandable calculations with integers (HO)
)
\Hy@SavedSpaceFactor=\count303
 (C:\Users\kovai\AppData\Local\Programs\MiKTeX\tex/latex/hyperref\puenc.def
File: puenc.def 2023-11-26 v7.01g Hyperref: PDF Unicode definition (HO)
Now handling font encoding PU ...
... no UTF-8 mapping file for font encoding PU
)
Package hyperref Info: Option `bookmarks' set `true' on input line 4064.
Package hyperref Info: Option `bookmarksopen' set `true' on input line 4064.
Package hyperref Info: Option `implicit' set `false' on input line 4064.
Package hyperref Info: Hyper figures OFF on input line 4181.
Package hyperref Info: Link nesting OFF on input line 4186.
Package hyperref Info: Hyper index ON on input line 4189.
Package hyperref Info: Plain pages OFF on input line 4196.
Package hyperref Info: Backreferencing OFF on input line 4201.
Package hyperref Info: Implicit mode OFF; no redefinition of LaTeX internals.
Package hyperref Info: Bookmarks ON on input line 4448.
\c@Hy@tempcnt=\count304
 (C:\Users\kovai\AppData\Local\Programs\MiKTeX\tex/latex/url\url.sty
\Urlmuskip=\muskip16
Package: url 2013/09/16  ver 3.4  Verb mode for urls, etc.
)
LaTeX Info: Redefining \url on input line 4786.
\XeTeXLinkMargin=\dimen268
 (C:\Users\kovai\AppData\Local\Programs\MiKTeX\tex/generic/bitset\bitset.sty
Package: bitset 2019/12/09 v1.3 Handle bit-vector datatype (HO)
 (C:\Users\kovai\AppData\Local\Programs\MiKTeX\tex/generic/bigintcalc\bigintcalc.sty
Package: bigintcalc 2019/12/15 v1.5 Expandable calculations on big integers (HO)
))
\Fld@menulength=\count305
\Field@Width=\dimen269
\Fld@charsize=\dimen270
Package hyperref Info: Hyper figures OFF on input line 6065.
Package hyperref Info: Link nesting OFF on input line 6070.
Package hyperref Info: Hyper index ON on input line 6073.
Package hyperref Info: backreferencing OFF on input line 6080.
Package hyperref Info: Link coloring OFF on input line 6085.
Package hyperref Info: Link coloring with OCG OFF on input line 6090.
Package hyperref Info: PDF/A mode OFF on input line 6095.
\Hy@abspage=\count306


Package hyperref Message: Stopped early.

)
Package hyperref Info: Driver (autodetected): hpdftex.
 (C:\Users\kovai\AppData\Local\Programs\MiKTeX\tex/latex/hyperref\hpdftex.def
File: hpdftex.def 2023-11-26 v7.01g Hyperref driver for pdfTeX
 (C:\Users\kovai\AppData\Local\Programs\MiKTeX\tex/latex/base\atveryend-ltx.sty
Package: atveryend-ltx 2020/08/19 v1.0a Emulation of the original atveryend package
with kernel methods
)
\Fld@listcount=\count307
\c@bookmark@seq@number=\count308
 (C:\Users\kovai\AppData\Local\Programs\MiKTeX\tex/latex/rerunfilecheck\rerunfilecheck.sty
Package: rerunfilecheck 2022-07-10 v1.10 Rerun checks for auxiliary files (HO)
 (C:\Users\kovai\AppData\Local\Programs\MiKTeX\tex/generic/uniquecounter\uniquecounter.sty
Package: uniquecounter 2019/12/15 v1.4 Provide unlimited unique counter (HO)
)
Package uniquecounter Info: New unique counter `rerunfilecheck' on input line 285.
)) (C:\Users\kovai\AppData\Local\Programs\MiKTeX\tex/latex/beamer\beamerbaserequires.sty (C:\Users\kovai\AppData\Local\Programs\MiKTeX\tex/latex/beamer\beamerbasecompatibility.sty) (C:\Users\kovai\AppData\Local\Programs\MiKTeX\tex/latex/beamer\beamerbasefont.sty (C:\Users\kovai\AppData\Local\Programs\MiKTeX\tex/latex/amsfonts\amssymb.sty
Package: amssymb 2013/01/14 v3.01 AMS font symbols
 (C:\Users\kovai\AppData\Local\Programs\MiKTeX\tex/latex/amsfonts\amsfonts.sty
Package: amsfonts 2013/01/14 v3.01 Basic AMSFonts support
\@emptytoks=\toks29
\symAMSa=\mathgroup4
\symAMSb=\mathgroup5
LaTeX Font Info:    Redeclaring math symbol \hbar on input line 98.
LaTeX Font Info:    Overwriting math alphabet `\mathfrak' in version `bold'
(Font)                  U/euf/m/n --> U/euf/b/n on input line 106.
)) (C:\Users\kovai\AppData\Local\Programs\MiKTeX\tex/latex/sansmathaccent\sansmathaccent.sty
Package: sansmathaccent 2020/01/31
 (C:\Users\kovai\AppData\Local\Programs\MiKTeX\tex/latex/koma-script\scrlfile.sty
Package: scrlfile 2023/07/07 v3.41 KOMA-Script package (file load hooks)
 (C:\Users\kovai\AppData\Local\Programs\MiKTeX\tex/latex/koma-script\scrlfile-hook.sty
Package: scrlfile-hook 2023/07/07 v3.41 KOMA-Script package (using LaTeX hooks)
 (C:\Users\kovai\AppData\Local\Programs\MiKTeX\tex/latex/koma-script\scrlogo.sty
Package: scrlogo 2023/07/07 v3.41 KOMA-Script package (logo)
))))) (C:\Users\kovai\AppData\Local\Programs\MiKTeX\tex/latex/beamer\beamerbasetranslator.sty (C:\Users\kovai\AppData\Local\Programs\MiKTeX\tex/latex/translator\translator.sty
Package: translator 2021-05-31 v1.12d Easy translation of strings in LaTeX
)) (C:\Users\kovai\AppData\Local\Programs\MiKTeX\tex/latex/beamer\beamerbasemisc.sty) (C:\Users\kovai\AppData\Local\Programs\MiKTeX\tex/latex/beamer\beamerbasetwoscreens.sty) (C:\Users\kovai\AppData\Local\Programs\MiKTeX\tex/latex/beamer\beamerbaseoverlay.sty
\beamer@argscount=\count309
\beamer@lastskipcover=\skip51
\beamer@trivlistdepth=\count310
) (C:\Users\kovai\AppData\Local\Programs\MiKTeX\tex/latex/beamer\beamerbasetitle.sty) (C:\Users\kovai\AppData\Local\Programs\MiKTeX\tex/latex/beamer\beamerbasesection.sty
\c@lecture=\count311
\c@part=\count312
\c@section=\count313
\c@subsection=\count314
\c@subsubsection=\count315
) (C:\Users\kovai\AppData\Local\Programs\MiKTeX\tex/latex/beamer\beamerbaseframe.sty
\beamer@framebox=\box66
\beamer@frametitlebox=\box67
\beamer@zoombox=\box68
\beamer@zoomcount=\count316
\beamer@zoomframecount=\count317
\beamer@frametextheight=\dimen271
\c@subsectionslide=\count318
\beamer@frametopskip=\skip52
\beamer@framebottomskip=\skip53
\beamer@frametopskipautobreak=\skip54
\beamer@framebottomskipautobreak=\skip55
\beamer@envbody=\toks30
\framewidth=\dimen272
\c@framenumber=\count319
) (C:\Users\kovai\AppData\Local\Programs\MiKTeX\tex/latex/beamer\beamerbaseverbatim.sty
\beamer@verbatimfileout=\write4
) (C:\Users\kovai\AppData\Local\Programs\MiKTeX\tex/latex/beamer\beamerbaseframesize.sty
\beamer@splitbox=\box69
\beamer@autobreakcount=\count320
\beamer@autobreaklastheight=\dimen273
\beamer@frametitletoks=\toks31
\beamer@framesubtitletoks=\toks32
) (C:\Users\kovai\AppData\Local\Programs\MiKTeX\tex/latex/beamer\beamerbaseframecomponents.sty
\beamer@footins=\box70
) (C:\Users\kovai\AppData\Local\Programs\MiKTeX\tex/latex/beamer\beamerbasecolor.sty) (C:\Users\kovai\AppData\Local\Programs\MiKTeX\tex/latex/beamer\beamerbasenotes.sty
\beamer@frameboxcopy=\box71
) (C:\Users\kovai\AppData\Local\Programs\MiKTeX\tex/latex/beamer\beamerbasetoc.sty) (C:\Users\kovai\AppData\Local\Programs\MiKTeX\tex/latex/beamer\beamerbasetemplates.sty
\beamer@sbttoks=\toks33
 (C:\Users\kovai\AppData\Local\Programs\MiKTeX\tex/latex/beamer\beamerbaseauxtemplates.sty (C:\Users\kovai\AppData\Local\Programs\MiKTeX\tex/latex/beamer\beamerbaseboxes.sty
\bmb@box=\box72
\bmb@colorbox=\box73
\bmb@boxwidth=\dimen274
\bmb@boxheight=\dimen275
\bmb@prevheight=\dimen276
\bmb@temp=\dimen277
\bmb@dima=\dimen278
\bmb@dimb=\dimen279
\bmb@prevheight=\dimen280
)
\beamer@blockheadheight=\dimen281
)) (C:\Users\kovai\AppData\Local\Programs\MiKTeX\tex/latex/beamer\beamerbaselocalstructure.sty (C:\Users\kovai\AppData\Local\Programs\MiKTeX\tex/latex/tools\enumerate.sty
Package: enumerate 2023/07/04 v3.00 enumerate extensions (DPC)
\@enLab=\toks34
)
\beamer@bibiconwidth=\skip56
\c@figure=\count321
\c@table=\count322
\abovecaptionskip=\skip57
\belowcaptionskip=\skip58
) (C:\Users\kovai\AppData\Local\Programs\MiKTeX\tex/latex/beamer\beamerbasenavigation.sty (C:\Users\kovai\AppData\Local\Programs\MiKTeX\tex/latex/beamer\beamerbasenavigationsymbols.tex)
\beamer@section@min@dim=\dimen282
) (C:\Users\kovai\AppData\Local\Programs\MiKTeX\tex/latex/beamer\beamerbasetheorems.sty (C:\Users\kovai\AppData\Local\Programs\MiKTeX\tex/latex/amsmath\amsmath.sty
Package: amsmath 2023/05/13 v2.17o AMS math features
\@mathmargin=\skip59

For additional information on amsmath, use the `?' option.
(C:\Users\kovai\AppData\Local\Programs\MiKTeX\tex/latex/amsmath\amstext.sty
Package: amstext 2021/08/26 v2.01 AMS text
 (C:\Users\kovai\AppData\Local\Programs\MiKTeX\tex/latex/amsmath\amsgen.sty
File: amsgen.sty 1999/11/30 v2.0 generic functions
\@emptytoks=\toks35
\ex@=\dimen283
)) (C:\Users\kovai\AppData\Local\Programs\MiKTeX\tex/latex/amsmath\amsbsy.sty
Package: amsbsy 1999/11/29 v1.2d Bold Symbols
\pmbraise@=\dimen284
) (C:\Users\kovai\AppData\Local\Programs\MiKTeX\tex/latex/amsmath\amsopn.sty
Package: amsopn 2022/04/08 v2.04 operator names
)
\inf@bad=\count323
LaTeX Info: Redefining \frac on input line 234.
\uproot@=\count324
\leftroot@=\count325
LaTeX Info: Redefining \overline on input line 399.
LaTeX Info: Redefining \colon on input line 410.
\classnum@=\count326
\DOTSCASE@=\count327
LaTeX Info: Redefining \ldots on input line 496.
LaTeX Info: Redefining \dots on input line 499.
LaTeX Info: Redefining \cdots on input line 620.
\Mathstrutbox@=\box74
\strutbox@=\box75
LaTeX Info: Redefining \big on input line 722.
LaTeX Info: Redefining \Big on input line 723.
LaTeX Info: Redefining \bigg on input line 724.
LaTeX Info: Redefining \Bigg on input line 725.
\big@size=\dimen285
LaTeX Font Info:    Redeclaring font encoding OML on input line 743.
LaTeX Font Info:    Redeclaring font encoding OMS on input line 744.
\macc@depth=\count328
LaTeX Info: Redefining \bmod on input line 905.
LaTeX Info: Redefining \pmod on input line 910.
LaTeX Info: Redefining \smash on input line 940.
LaTeX Info: Redefining \relbar on input line 970.
LaTeX Info: Redefining \Relbar on input line 971.
\c@MaxMatrixCols=\count329
\dotsspace@=\muskip17
\c@parentequation=\count330
\dspbrk@lvl=\count331
\tag@help=\toks36
\row@=\count332
\column@=\count333
\maxfields@=\count334
\andhelp@=\toks37
\eqnshift@=\dimen286
\alignsep@=\dimen287
\tagshift@=\dimen288
\tagwidth@=\dimen289
\totwidth@=\dimen290
\lineht@=\dimen291
\@envbody=\toks38
\multlinegap=\skip60
\multlinetaggap=\skip61
\mathdisplay@stack=\toks39
LaTeX Info: Redefining \[ on input line 2953.
LaTeX Info: Redefining \] on input line 2954.
) (C:\Users\kovai\AppData\Local\Programs\MiKTeX\tex/latex/amscls\amsthm.sty
Package: amsthm 2020/05/29 v2.20.6
\thm@style=\toks40
\thm@bodyfont=\toks41
\thm@headfont=\toks42
\thm@notefont=\toks43
\thm@headpunct=\toks44
\thm@preskip=\skip62
\thm@postskip=\skip63
\thm@headsep=\skip64
\dth@everypar=\toks45
)
\c@theorem=\count335
) (C:\Users\kovai\AppData\Local\Programs\MiKTeX\tex/latex/beamer\beamerbasethemes.sty)) (C:\Users\kovai\AppData\Local\Programs\MiKTeX\tex/latex/beamer\beamerthemedefault.sty (C:\Users\kovai\AppData\Local\Programs\MiKTeX\tex/latex/beamer\beamerfontthemedefault.sty) (C:\Users\kovai\AppData\Local\Programs\MiKTeX\tex/latex/beamer\beamercolorthemedefault.sty) (C:\Users\kovai\AppData\Local\Programs\MiKTeX\tex/latex/beamer\beamerinnerthemedefault.sty
\beamer@dima=\dimen292
\beamer@dimb=\dimen293
) (C:\Users\kovai\AppData\Local\Programs\MiKTeX\tex/latex/beamer\beamerouterthemedefault.sty))) (C:\Users\kovai\AppData\Local\Programs\MiKTeX\tex/latex/listings\listings.sty
\lst@mode=\count336
\lst@gtempboxa=\box76
\lst@token=\toks46
\lst@length=\count337
\lst@currlwidth=\dimen294
\lst@column=\count338
\lst@pos=\count339
\lst@lostspace=\dimen295
\lst@width=\dimen296
\lst@newlines=\count340
\lst@lineno=\count341
\lst@maxwidth=\dimen297
 (C:\Users\kovai\AppData\Local\Programs\MiKTeX\tex/latex/listings\lstmisc.sty
File: lstmisc.sty 2023/02/27 1.9 (Carsten Heinz)
\c@lstnumber=\count342
\lst@skipnumbers=\count343
\lst@framebox=\box77
) (C:\Users\kovai\AppData\Local\Programs\MiKTeX\tex/latex/listings\listings.cfg
File: listings.cfg 2023/02/27 1.9 listings configuration
))
Package: listings 2023/02/27 1.9 (Carsten Heinz)
 (C:\Users\kovai\AppData\Local\Programs\MiKTeX\tex/latex/animate\animate.sty
Package: animate 2024/09/06 PDF & SVG animations from files and inline graphics
 (C:\Users\kovai\AppData\Local\Programs\MiKTeX\tex/latex/base\ifthen.sty
Package: ifthen 2022/04/13 v1.1d Standard LaTeX ifthen package (DPC)
) (C:\Users\kovai\AppData\Local\Programs\MiKTeX\tex/latex/oberdiek\ifdraft.sty
Package: ifdraft 2016/05/16 v1.4 Detect class options draft and final (HO)
) (C:\Users\kovai\AppData\Local\Programs\MiKTeX\tex/latex/tools\calc.sty
Package: calc 2023/07/08 v4.3 Infix arithmetic (KKT,FJ)
\calc@Acount=\count344
\calc@Bcount=\count345
\calc@Adimen=\dimen298
\calc@Bdimen=\dimen299
\calc@Askip=\skip65
\calc@Bskip=\skip66
LaTeX Info: Redefining \setlength on input line 80.
LaTeX Info: Redefining \addtolength on input line 81.
\calc@Ccount=\count346
\calc@Cskip=\skip67
) (C:\Users\kovai\AppData\Local\Programs\MiKTeX\tex/latex/media9\pdfbase.sty
Package: pdfbase 2024/09/13 v0.58 driver independent access to low-level PDF features
 (C:\Users\kovai\AppData\Local\Programs\MiKTeX\tex/latex/l3backend\l3backend-pdftex.def
File: l3backend-pdftex.def 2024-01-04 L3 backend support: PDF output (pdfTeX)
\l__color_backend_stack_int=\count347
\l__pdf_internal_box=\box78
)
\g_pbs_page_int=\count348
\g_pbs_oc_int=\count349
) (C:\Users\kovai\AppData\Local\Programs\MiKTeX\tex/latex/zref\zref-abspage.sty
Package: zref-abspage 2023-09-14 v2.35 Module abspage for zref (HO)
 (C:\Users\kovai\AppData\Local\Programs\MiKTeX\tex/latex/zref\zref-base.sty
Package: zref-base 2023-09-14 v2.35 Module base for zref (HO)
 (C:\Users\kovai\AppData\Local\Programs\MiKTeX\tex/generic/etexcmds\etexcmds.sty
Package: etexcmds 2019/12/15 v1.7 Avoid name clashes with e-TeX commands (HO)
)
Package zref Info: New property list: main on input line 767.
Package zref Info: New property: default on input line 768.
Package zref Info: New property: page on input line 769.
)
\c@abspage=\count350
Package zref Info: New property: abspage on input line 67.
) (C:\Users\kovai\AppData\Local\Programs\MiKTeX\tex/latex/ocgx2\ocgbase.sty
Package: ocgbase 2024/08/28 v0.23 support package for ocgx2.sty
)
\@anim@box=\box79
\@anim@measbox=\box80
\@anim@tmpdima=\dimen300
\@anim@tmpdimb=\dimen301
\@anim@num=\count351
\@anim@curframe=\count352
\@anim@curframe@zb=\count353
\@anim@resizeflags=\count354
\@anim@skipfram=\count355
\@anim@mulframecnt=\count356
\@anim@@tmlnfile=\read3
\@anim@tmpcnt=\count357
\c@@anim@ltxcnt=\count358
\@anim@curlayer=\count359
\@anim@lineno=\count360
\@anim@curfield=\count361
\@anim@@resizeflags=\count362
) (C:\Users\kovai\AppData\Local\Programs\MiKTeX\tex/latex/listings\lstlang1.sty
File: lstlang1.sty 2023/02/27 1.9 listings language file
) (presentatiom.aux)
\openout1 = `presentatiom.aux'.

LaTeX Font Info:    Checking defaults for OML/cmm/m/it on input line 33.
LaTeX Font Info:    ... okay on input line 33.
LaTeX Font Info:    Checking defaults for OMS/cmsy/m/n on input line 33.
LaTeX Font Info:    ... okay on input line 33.
LaTeX Font Info:    Checking defaults for OT1/cmr/m/n on input line 33.
LaTeX Font Info:    ... okay on input line 33.
LaTeX Font Info:    Checking defaults for T1/cmr/m/n on input line 33.
LaTeX Font Info:    ... okay on input line 33.
LaTeX Font Info:    Checking defaults for TS1/cmr/m/n on input line 33.
LaTeX Font Info:    ... okay on input line 33.
LaTeX Font Info:    Checking defaults for OMX/cmex/m/n on input line 33.
LaTeX Font Info:    ... okay on input line 33.
LaTeX Font Info:    Checking defaults for U/cmr/m/n on input line 33.
LaTeX Font Info:    ... okay on input line 33.
LaTeX Font Info:    Checking defaults for PD1/pdf/m/n on input line 33.
LaTeX Font Info:    ... okay on input line 33.
LaTeX Font Info:    Checking defaults for PU/pdf/m/n on input line 33.
LaTeX Font Info:    ... okay on input line 33.

*geometry* driver: auto-detecting
*geometry* detected driver: pdftex
*geometry* verbose mode - [ preamble ] result:
* driver: pdftex
* paper: custom
* layout: <same size as paper>
* layoutoffset:(h,v)=(0.0pt,0.0pt)
* modes: includehead includefoot 
* h-part:(L,W,R)=(28.45274pt, 307.28987pt, 28.45274pt)
* v-part:(T,H,B)=(0.0pt, 273.14662pt, 0.0pt)
* \paperwidth=364.19536pt
* \paperheight=273.14662pt
* \textwidth=307.28987pt
* \textheight=244.6939pt
* \oddsidemargin=-43.81725pt
* \evensidemargin=-43.81725pt
* \topmargin=-72.26999pt
* \headheight=14.22636pt
* \headsep=0.0pt
* \topskip=11.0pt
* \footskip=14.22636pt
* \marginparwidth=4.0pt
* \marginparsep=10.0pt
* \columnsep=10.0pt
* \skip\footins=10.0pt plus 4.0pt minus 2.0pt
* \hoffset=0.0pt
* \voffset=0.0pt
* \mag=1000
* \@twocolumnfalse
* \@twosidefalse
* \@mparswitchfalse
* \@reversemarginfalse
* (1in=72.27pt=25.4mm, 1cm=28.453pt)

(C:\Users\kovai\AppData\Local\Programs\MiKTeX\tex/context/base/mkii\supp-pdf.mkii
[Loading MPS to PDF converter (version 2006.09.02).]
\scratchcounter=\count363
\scratchdimen=\dimen302
\scratchbox=\box81
\nofMPsegments=\count364
\nofMParguments=\count365
\everyMPshowfont=\toks47
\MPscratchCnt=\count366
\MPscratchDim=\dimen303
\MPnumerator=\count367
\makeMPintoPDFobject=\count368
\everyMPtoPDFconversion=\toks48
) (C:\Users\kovai\AppData\Local\Programs\MiKTeX\tex/latex/epstopdf-pkg\epstopdf-base.sty
Package: epstopdf-base 2020-01-24 v2.11 Base part for package epstopdf
Package epstopdf-base Info: Redefining graphics rule for `.eps' on input line 485.
 (C:\Users\kovai\AppData\Local\Programs\MiKTeX\tex/latex/00miktex\epstopdf-sys.cfg
File: epstopdf-sys.cfg 2021/03/18 v2.0 Configuration of epstopdf for MiKTeX
))
Package hyperref Info: Link coloring OFF on input line 33.
 (presentatiom.out) (presentatiom.out)
\@outlinefile=\write5
\openout5 = `presentatiom.out'.

LaTeX Font Info:    Overwriting symbol font `operators' in version `normal'
(Font)                  OT1/cmr/m/n --> OT1/cmss/m/n on input line 33.
LaTeX Font Info:    Overwriting symbol font `operators' in version `bold'
(Font)                  OT1/cmr/bx/n --> OT1/cmss/b/n on input line 33.
\symnumbers=\mathgroup6
\sympureletters=\mathgroup7
LaTeX Font Info:    Overwriting math alphabet `\mathrm' in version `normal'
(Font)                  OT1/cmss/m/n --> OT1/cmr/m/n on input line 33.
LaTeX Font Info:    Redeclaring math alphabet \mathbf on input line 33.
LaTeX Font Info:    Overwriting math alphabet `\mathbf' in version `normal'
(Font)                  OT1/cmr/bx/n --> OT1/cmss/b/n on input line 33.
LaTeX Font Info:    Overwriting math alphabet `\mathbf' in version `bold'
(Font)                  OT1/cmr/bx/n --> OT1/cmss/b/n on input line 33.
LaTeX Font Info:    Redeclaring math alphabet \mathsf on input line 33.
LaTeX Font Info:    Overwriting math alphabet `\mathsf' in version `normal'
(Font)                  OT1/cmss/m/n --> OT1/cmss/m/n on input line 33.
LaTeX Font Info:    Overwriting math alphabet `\mathsf' in version `bold'
(Font)                  OT1/cmss/bx/n --> OT1/cmss/m/n on input line 33.
LaTeX Font Info:    Redeclaring math alphabet \mathit on input line 33.
LaTeX Font Info:    Overwriting math alphabet `\mathit' in version `normal'
(Font)                  OT1/cmr/m/it --> OT1/cmss/m/it on input line 33.
LaTeX Font Info:    Overwriting math alphabet `\mathit' in version `bold'
(Font)                  OT1/cmr/bx/it --> OT1/cmss/m/it on input line 33.
LaTeX Font Info:    Redeclaring math alphabet \mathtt on input line 33.
LaTeX Font Info:    Overwriting math alphabet `\mathtt' in version `normal'
(Font)                  OT1/cmtt/m/n --> OT1/cmtt/m/n on input line 33.
LaTeX Font Info:    Overwriting math alphabet `\mathtt' in version `bold'
(Font)                  OT1/cmtt/m/n --> OT1/cmtt/m/n on input line 33.
LaTeX Font Info:    Overwriting symbol font `numbers' in version `bold'
(Font)                  OT1/cmss/m/n --> OT1/cmss/b/n on input line 33.
LaTeX Font Info:    Overwriting symbol font `pureletters' in version `bold'
(Font)                  OT1/cmss/m/it --> OT1/cmss/b/it on input line 33.
LaTeX Font Info:    Overwriting math alphabet `\mathrm' in version `bold'
(Font)                  OT1/cmss/b/n --> OT1/cmr/b/n on input line 33.
LaTeX Font Info:    Overwriting math alphabet `\mathbf' in version `bold'
(Font)                  OT1/cmss/b/n --> OT1/cmss/b/n on input line 33.
LaTeX Font Info:    Overwriting math alphabet `\mathsf' in version `bold'
(Font)                  OT1/cmss/m/n --> OT1/cmss/b/n on input line 33.
LaTeX Font Info:    Overwriting math alphabet `\mathit' in version `bold'
(Font)                  OT1/cmss/m/it --> OT1/cmss/b/it on input line 33.
LaTeX Font Info:    Overwriting math alphabet `\mathtt' in version `bold'
(Font)                  OT1/cmtt/m/n --> OT1/cmtt/b/n on input line 33.
LaTeX Font Info:    Redeclaring symbol font `pureletters' on input line 33.
LaTeX Font Info:    Overwriting symbol font `pureletters' in version `normal'
(Font)                  OT1/cmss/m/it --> OT1/mathkerncmss/m/sl on input line 33.
LaTeX Font Info:    Overwriting symbol font `pureletters' in version `bold'
(Font)                  OT1/cmss/b/it --> OT1/mathkerncmss/m/sl on input line 33.
LaTeX Font Info:    Overwriting symbol font `pureletters' in version `bold'
(Font)                  OT1/mathkerncmss/m/sl --> OT1/mathkerncmss/bx/sl on input line 33.
 (C:\Users\kovai\AppData\Local\Programs\MiKTeX\tex/latex/translator\translator-basic-dictionary-English.dict
Dictionary: translator-basic-dictionary, Language: English 
) (C:\Users\kovai\AppData\Local\Programs\MiKTeX\tex/latex/translator\translator-bibliography-dictionary-English.dict
Dictionary: translator-bibliography-dictionary, Language: English 
) (C:\Users\kovai\AppData\Local\Programs\MiKTeX\tex/latex/translator\translator-environment-dictionary-English.dict
Dictionary: translator-environment-dictionary, Language: English 
) (C:\Users\kovai\AppData\Local\Programs\MiKTeX\tex/latex/translator\translator-months-dictionary-English.dict
Dictionary: translator-months-dictionary, Language: English 
) (C:\Users\kovai\AppData\Local\Programs\MiKTeX\tex/latex/translator\translator-numbers-dictionary-English.dict
Dictionary: translator-numbers-dictionary, Language: English 
) (C:\Users\kovai\AppData\Local\Programs\MiKTeX\tex/latex/translator\translator-theorem-dictionary-English.dict
Dictionary: translator-theorem-dictionary, Language: English 
)
\c@lstlisting=\count369
 (presentatiom.nav) [1

{C:/Users/kovai/AppData/Local/MiKTeX/fonts/map/pdftex/pdftex.map}]
LaTeX Font Info:    Trying to load font information for U+msa on input line 67.
 (C:\Users\kovai\AppData\Local\Programs\MiKTeX\tex/latex/amsfonts\umsa.fd
File: umsa.fd 2013/01/14 v3.01 AMS symbols A
)
LaTeX Font Info:    Trying to load font information for U+msb on input line 67.
 (C:\Users\kovai\AppData\Local\Programs\MiKTeX\tex/latex/amsfonts\umsb.fd
File: umsb.fd 2013/01/14 v3.01 AMS symbols B
)
LaTeX Font Info:    Trying to load font information for OT1+mathkerncmss on input line 67.
 (C:\Users\kovai\AppData\Local\Programs\MiKTeX\tex/latex/sansmathaccent\ot1mathkerncmss.fd
File: ot1mathkerncmss.fd 2020/01/31 Fontinst v1.933 font definitions for OT1/mathkerncmss.
) [2

] [3

]
<../images/JPAS (FLambdaDualObj).png, id=98, 623.6901pt x 617.9085pt>
File: ../images/JPAS (FLambdaDualObj).png Graphic file (type png)
<use ../images/JPAS (FLambdaDualObj).png>
Package pdftex.def Info: ../images/JPAS (FLambdaDualObj).png  used on input line 85.
(pdftex.def)             Requested size: 245.83282pt x 243.5479pt.

Overfull \vbox (6.27478pt too high) detected at line 85
 []

[4

 <../images/JPAS (FLambdaDualObj).png>]
\openout4 = `presentatiom.vrb'.

 (presentatiom.vrb) [5

]
<../images/SDSS and J-PAS.png, id=154, 623.6901pt x 617.9085pt>
File: ../images/SDSS and J-PAS.png Graphic file (type png)
<use ../images/SDSS and J-PAS.png>
Package pdftex.def Info: ../images/SDSS and J-PAS.png  used on input line 107.
(pdftex.def)             Requested size: 230.46739pt x 228.33028pt.
 [6

 <../images/SDSS and J-PAS.png>]
<../images/SDSS and J-PAS matched.png, id=182, 623.6901pt x 602.0091pt>
File: ../images/SDSS and J-PAS matched.png Graphic file (type png)
<use ../images/SDSS and J-PAS matched.png>
Package pdftex.def Info: ../images/SDSS and J-PAS matched.png  used on input line 117.
(pdftex.def)             Requested size: 184.3758pt x 177.95857pt.
 [7

 <../images/SDSS and J-PAS matched.png>]
<../images/SDSS and J-PAS matched zoomed.png, id=211, 631.6398pt x 602.0091pt>
File: ../images/SDSS and J-PAS matched zoomed.png Graphic file (type png)
<use ../images/SDSS and J-PAS matched zoomed.png>
Package pdftex.def Info: ../images/SDSS and J-PAS matched zoomed.png  used on input line 126.
(pdftex.def)             Requested size: 215.10196pt x 205.01106pt.
 [8

 <../images/SDSS and J-PAS matched zoomed.png>]
<../images/spectra/jpas_sdss_0.png, id=239, 462.528pt x 346.896pt>
File: ../images/spectra/jpas_sdss_0.png Graphic file (type png)
<use ../images/spectra/jpas_sdss_0.png>
Package pdftex.def Info: ../images/spectra/jpas_sdss_0.png  used on input line 135.
(pdftex.def)             Requested size: 462.52686pt x 346.89514pt.
 <../images/spectra/jpas_sdss_0.png> <a0,fr0>
<../images/spectra/jpas_sdss_1.png, id=243, 462.528pt x 346.896pt>
File: ../images/spectra/jpas_sdss_1.png Graphic file (type png)
<use ../images/spectra/jpas_sdss_1.png>
Package pdftex.def Info: ../images/spectra/jpas_sdss_1.png  used on input line 135.
(pdftex.def)             Requested size: 462.52686pt x 346.89514pt.
 <../images/spectra/jpas_sdss_1.png> <a0,fr1>
<../images/spectra/jpas_sdss_2.png, id=247, 462.528pt x 346.896pt>
File: ../images/spectra/jpas_sdss_2.png Graphic file (type png)
<use ../images/spectra/jpas_sdss_2.png>
Package pdftex.def Info: ../images/spectra/jpas_sdss_2.png  used on input line 135.
(pdftex.def)             Requested size: 462.52686pt x 346.89514pt.
 <../images/spectra/jpas_sdss_2.png> <a0,fr2>
<../images/spectra/jpas_sdss_3.png, id=251, 462.528pt x 346.896pt>
File: ../images/spectra/jpas_sdss_3.png Graphic file (type png)
<use ../images/spectra/jpas_sdss_3.png>
Package pdftex.def Info: ../images/spectra/jpas_sdss_3.png  used on input line 135.
(pdftex.def)             Requested size: 462.52686pt x 346.89514pt.
 <../images/spectra/jpas_sdss_3.png> <a0,fr3>
<../images/spectra/jpas_sdss_4.png, id=255, 462.528pt x 346.896pt>
File: ../images/spectra/jpas_sdss_4.png Graphic file (type png)
<use ../images/spectra/jpas_sdss_4.png>
Package pdftex.def Info: ../images/spectra/jpas_sdss_4.png  used on input line 135.
(pdftex.def)             Requested size: 462.52686pt x 346.89514pt.
 <../images/spectra/jpas_sdss_4.png> <a0,fr4>
<../images/spectra/jpas_sdss_5.png, id=259, 462.528pt x 346.896pt>
File: ../images/spectra/jpas_sdss_5.png Graphic file (type png)
<use ../images/spectra/jpas_sdss_5.png>
Package pdftex.def Info: ../images/spectra/jpas_sdss_5.png  used on input line 135.
(pdftex.def)             Requested size: 462.52686pt x 346.89514pt.
 <../images/spectra/jpas_sdss_5.png> <a0,fr5>
<../images/spectra/jpas_sdss_6.png, id=263, 462.528pt x 346.896pt>
File: ../images/spectra/jpas_sdss_6.png Graphic file (type png)
<use ../images/spectra/jpas_sdss_6.png>
Package pdftex.def Info: ../images/spectra/jpas_sdss_6.png  used on input line 135.
(pdftex.def)             Requested size: 462.52686pt x 346.89514pt.
 <../images/spectra/jpas_sdss_6.png> <a0,fr6>
<../images/spectra/jpas_sdss_7.png, id=267, 462.528pt x 346.896pt>
File: ../images/spectra/jpas_sdss_7.png Graphic file (type png)
<use ../images/spectra/jpas_sdss_7.png>
Package pdftex.def Info: ../images/spectra/jpas_sdss_7.png  used on input line 135.
(pdftex.def)             Requested size: 462.52686pt x 346.89514pt.
 <../images/spectra/jpas_sdss_7.png> <a0,fr7>
<../images/spectra/jpas_sdss_8.png, id=271, 462.528pt x 346.896pt>
File: ../images/spectra/jpas_sdss_8.png Graphic file (type png)
<use ../images/spectra/jpas_sdss_8.png>
Package pdftex.def Info: ../images/spectra/jpas_sdss_8.png  used on input line 135.
(pdftex.def)             Requested size: 462.52686pt x 346.89514pt.
 <../images/spectra/jpas_sdss_8.png> <a0,fr8>
<../images/spectra/jpas_sdss_9.png, id=275, 462.528pt x 346.896pt>
File: ../images/spectra/jpas_sdss_9.png Graphic file (type png)
<use ../images/spectra/jpas_sdss_9.png>
Package pdftex.def Info: ../images/spectra/jpas_sdss_9.png  used on input line 135.
(pdftex.def)             Requested size: 462.52686pt x 346.89514pt.
 <../images/spectra/jpas_sdss_9.png> <a0,fr9>
<../images/spectra/jpas_sdss_10.png, id=279, 462.528pt x 346.896pt>
File: ../images/spectra/jpas_sdss_10.png Graphic file (type png)
<use ../images/spectra/jpas_sdss_10.png>
Package pdftex.def Info: ../images/spectra/jpas_sdss_10.png  used on input line 135.
(pdftex.def)             Requested size: 462.52686pt x 346.89514pt.
 <../images/spectra/jpas_sdss_10.png> <a0,fr10>
<../images/spectra/jpas_sdss_11.png, id=283, 462.528pt x 346.896pt>
File: ../images/spectra/jpas_sdss_11.png Graphic file (type png)
<use ../images/spectra/jpas_sdss_11.png>
Package pdftex.def Info: ../images/spectra/jpas_sdss_11.png  used on input line 135.
(pdftex.def)             Requested size: 462.52686pt x 346.89514pt.
 <../images/spectra/jpas_sdss_11.png> <a0,fr11>
<../images/spectra/jpas_sdss_12.png, id=287, 462.528pt x 346.896pt>
File: ../images/spectra/jpas_sdss_12.png Graphic file (type png)
<use ../images/spectra/jpas_sdss_12.png>
Package pdftex.def Info: ../images/spectra/jpas_sdss_12.png  used on input line 135.
(pdftex.def)             Requested size: 462.52686pt x 346.89514pt.
 <../images/spectra/jpas_sdss_12.png> <a0,fr12>
<../images/spectra/jpas_sdss_13.png, id=291, 462.528pt x 346.896pt>
File: ../images/spectra/jpas_sdss_13.png Graphic file (type png)
<use ../images/spectra/jpas_sdss_13.png>
Package pdftex.def Info: ../images/spectra/jpas_sdss_13.png  used on input line 135.
(pdftex.def)             Requested size: 462.52686pt x 346.89514pt.
 <../images/spectra/jpas_sdss_13.png> <a0,fr13>
<../images/spectra/jpas_sdss_14.png, id=295, 462.528pt x 346.896pt>
File: ../images/spectra/jpas_sdss_14.png Graphic file (type png)
<use ../images/spectra/jpas_sdss_14.png>
Package pdftex.def Info: ../images/spectra/jpas_sdss_14.png  used on input line 135.
(pdftex.def)             Requested size: 462.52686pt x 346.89514pt.
 <../images/spectra/jpas_sdss_14.png> <a0,fr14>
<../images/spectra/jpas_sdss_15.png, id=299, 462.528pt x 346.896pt>
File: ../images/spectra/jpas_sdss_15.png Graphic file (type png)
<use ../images/spectra/jpas_sdss_15.png>
Package pdftex.def Info: ../images/spectra/jpas_sdss_15.png  used on input line 135.
(pdftex.def)             Requested size: 462.52686pt x 346.89514pt.
 <../images/spectra/jpas_sdss_15.png> <a0,fr15>
<../images/spectra/jpas_sdss_16.png, id=303, 462.528pt x 346.896pt>
File: ../images/spectra/jpas_sdss_16.png Graphic file (type png)
<use ../images/spectra/jpas_sdss_16.png>
Package pdftex.def Info: ../images/spectra/jpas_sdss_16.png  used on input line 135.
(pdftex.def)             Requested size: 462.52686pt x 346.89514pt.
 <../images/spectra/jpas_sdss_16.png> <a0,fr16>
<../images/spectra/jpas_sdss_17.png, id=307, 462.528pt x 346.896pt>
File: ../images/spectra/jpas_sdss_17.png Graphic file (type png)
<use ../images/spectra/jpas_sdss_17.png>
Package pdftex.def Info: ../images/spectra/jpas_sdss_17.png  used on input line 135.
(pdftex.def)             Requested size: 462.52686pt x 346.89514pt.
 <../images/spectra/jpas_sdss_17.png> <a0,fr17>
<../images/spectra/jpas_sdss_18.png, id=311, 462.528pt x 346.896pt>
File: ../images/spectra/jpas_sdss_18.png Graphic file (type png)
<use ../images/spectra/jpas_sdss_18.png>
Package pdftex.def Info: ../images/spectra/jpas_sdss_18.png  used on input line 135.
(pdftex.def)             Requested size: 462.52686pt x 346.89514pt.
 <../images/spectra/jpas_sdss_18.png> <a0,fr18>
<../images/spectra/jpas_sdss_19.png, id=315, 462.528pt x 346.896pt>
File: ../images/spectra/jpas_sdss_19.png Graphic file (type png)
<use ../images/spectra/jpas_sdss_19.png>
Package pdftex.def Info: ../images/spectra/jpas_sdss_19.png  used on input line 135.
(pdftex.def)             Requested size: 462.52686pt x 346.89514pt.
 <../images/spectra/jpas_sdss_19.png> <a0,fr19>
<../images/spectra/jpas_sdss_20.png, id=319, 462.528pt x 346.896pt>
File: ../images/spectra/jpas_sdss_20.png Graphic file (type png)
<use ../images/spectra/jpas_sdss_20.png>
Package pdftex.def Info: ../images/spectra/jpas_sdss_20.png  used on input line 135.
(pdftex.def)             Requested size: 462.52686pt x 346.89514pt.
 <../images/spectra/jpas_sdss_20.png> <a0,fr20>
<../images/spectra/jpas_sdss_21.png, id=323, 462.528pt x 346.896pt>
File: ../images/spectra/jpas_sdss_21.png Graphic file (type png)
<use ../images/spectra/jpas_sdss_21.png>
Package pdftex.def Info: ../images/spectra/jpas_sdss_21.png  used on input line 135.
(pdftex.def)             Requested size: 462.52686pt x 346.89514pt.
 <../images/spectra/jpas_sdss_21.png> <a0,fr21>
<../images/spectra/jpas_sdss_22.png, id=327, 462.528pt x 346.896pt>
File: ../images/spectra/jpas_sdss_22.png Graphic file (type png)
<use ../images/spectra/jpas_sdss_22.png>
Package pdftex.def Info: ../images/spectra/jpas_sdss_22.png  used on input line 135.
(pdftex.def)             Requested size: 462.52686pt x 346.89514pt.
 <../images/spectra/jpas_sdss_22.png> <a0,fr22>
<../images/spectra/jpas_sdss_23.png, id=331, 462.528pt x 346.896pt>
File: ../images/spectra/jpas_sdss_23.png Graphic file (type png)
<use ../images/spectra/jpas_sdss_23.png>
Package pdftex.def Info: ../images/spectra/jpas_sdss_23.png  used on input line 135.
(pdftex.def)             Requested size: 462.52686pt x 346.89514pt.
 <../images/spectra/jpas_sdss_23.png> <a0,fr23>
<../images/spectra/jpas_sdss_24.png, id=335, 462.528pt x 346.896pt>
File: ../images/spectra/jpas_sdss_24.png Graphic file (type png)
<use ../images/spectra/jpas_sdss_24.png>
Package pdftex.def Info: ../images/spectra/jpas_sdss_24.png  used on input line 135.
(pdftex.def)             Requested size: 462.52686pt x 346.89514pt.
 <../images/spectra/jpas_sdss_24.png> <a0,fr24>
<../images/spectra/jpas_sdss_25.png, id=339, 462.528pt x 346.896pt>
File: ../images/spectra/jpas_sdss_25.png Graphic file (type png)
<use ../images/spectra/jpas_sdss_25.png>
Package pdftex.def Info: ../images/spectra/jpas_sdss_25.png  used on input line 135.
(pdftex.def)             Requested size: 462.52686pt x 346.89514pt.
 <../images/spectra/jpas_sdss_25.png> <a0,fr25>
<../images/spectra/jpas_sdss_26.png, id=343, 462.528pt x 346.896pt>
File: ../images/spectra/jpas_sdss_26.png Graphic file (type png)
<use ../images/spectra/jpas_sdss_26.png>
Package pdftex.def Info: ../images/spectra/jpas_sdss_26.png  used on input line 135.
(pdftex.def)             Requested size: 462.52686pt x 346.89514pt.
 <../images/spectra/jpas_sdss_26.png> <a0,fr26>
<../images/spectra/jpas_sdss_27.png, id=347, 462.528pt x 346.896pt>
File: ../images/spectra/jpas_sdss_27.png Graphic file (type png)
<use ../images/spectra/jpas_sdss_27.png>
Package pdftex.def Info: ../images/spectra/jpas_sdss_27.png  used on input line 135.
(pdftex.def)             Requested size: 462.52686pt x 346.89514pt.
 <../images/spectra/jpas_sdss_27.png> <a0,fr27>
<../images/spectra/jpas_sdss_28.png, id=351, 462.528pt x 346.896pt>
File: ../images/spectra/jpas_sdss_28.png Graphic file (type png)
<use ../images/spectra/jpas_sdss_28.png>
Package pdftex.def Info: ../images/spectra/jpas_sdss_28.png  used on input line 135.
(pdftex.def)             Requested size: 462.52686pt x 346.89514pt.
 <../images/spectra/jpas_sdss_28.png> <a0,fr28>
<../images/spectra/jpas_sdss_29.png, id=355, 462.528pt x 346.896pt>
File: ../images/spectra/jpas_sdss_29.png Graphic file (type png)
<use ../images/spectra/jpas_sdss_29.png>
Package pdftex.def Info: ../images/spectra/jpas_sdss_29.png  used on input line 135.
(pdftex.def)             Requested size: 462.52686pt x 346.89514pt.
 <../images/spectra/jpas_sdss_29.png> <a0,fr29>
<../images/spectra/jpas_sdss_30.png, id=359, 462.528pt x 346.896pt>
File: ../images/spectra/jpas_sdss_30.png Graphic file (type png)
<use ../images/spectra/jpas_sdss_30.png>
Package pdftex.def Info: ../images/spectra/jpas_sdss_30.png  used on input line 135.
(pdftex.def)             Requested size: 462.52686pt x 346.89514pt.
 <../images/spectra/jpas_sdss_30.png> <a0,fr30>
<../images/spectra/jpas_sdss_31.png, id=363, 462.528pt x 346.896pt>
File: ../images/spectra/jpas_sdss_31.png Graphic file (type png)
<use ../images/spectra/jpas_sdss_31.png>
Package pdftex.def Info: ../images/spectra/jpas_sdss_31.png  used on input line 135.
(pdftex.def)             Requested size: 462.52686pt x 346.89514pt.
 <../images/spectra/jpas_sdss_31.png> <a0,fr31>
<../images/spectra/jpas_sdss_32.png, id=367, 462.528pt x 346.896pt>
File: ../images/spectra/jpas_sdss_32.png Graphic file (type png)
<use ../images/spectra/jpas_sdss_32.png>
Package pdftex.def Info: ../images/spectra/jpas_sdss_32.png  used on input line 135.
(pdftex.def)             Requested size: 462.52686pt x 346.89514pt.
 <../images/spectra/jpas_sdss_32.png> <a0,fr32>
<../images/spectra/jpas_sdss_33.png, id=371, 462.528pt x 346.896pt>
File: ../images/spectra/jpas_sdss_33.png Graphic file (type png)
<use ../images/spectra/jpas_sdss_33.png>
Package pdftex.def Info: ../images/spectra/jpas_sdss_33.png  used on input line 135.
(pdftex.def)             Requested size: 462.52686pt x 346.89514pt.
 <../images/spectra/jpas_sdss_33.png> <a0,fr33>
<../images/spectra/jpas_sdss_34.png, id=375, 462.528pt x 346.896pt>
File: ../images/spectra/jpas_sdss_34.png Graphic file (type png)
<use ../images/spectra/jpas_sdss_34.png>
Package pdftex.def Info: ../images/spectra/jpas_sdss_34.png  used on input line 135.
(pdftex.def)             Requested size: 462.52686pt x 346.89514pt.
 <../images/spectra/jpas_sdss_34.png> <a0,fr34>
<../images/spectra/jpas_sdss_35.png, id=379, 462.528pt x 346.896pt>
File: ../images/spectra/jpas_sdss_35.png Graphic file (type png)
<use ../images/spectra/jpas_sdss_35.png>
Package pdftex.def Info: ../images/spectra/jpas_sdss_35.png  used on input line 135.
(pdftex.def)             Requested size: 462.52686pt x 346.89514pt.
 <../images/spectra/jpas_sdss_35.png> <a0,fr35>
<../images/spectra/jpas_sdss_36.png, id=383, 462.528pt x 346.896pt>
File: ../images/spectra/jpas_sdss_36.png Graphic file (type png)
<use ../images/spectra/jpas_sdss_36.png>
Package pdftex.def Info: ../images/spectra/jpas_sdss_36.png  used on input line 135.
(pdftex.def)             Requested size: 462.52686pt x 346.89514pt.
 <../images/spectra/jpas_sdss_36.png> <a0,fr36>
<../images/spectra/jpas_sdss_37.png, id=387, 462.528pt x 346.896pt>
File: ../images/spectra/jpas_sdss_37.png Graphic file (type png)
<use ../images/spectra/jpas_sdss_37.png>
Package pdftex.def Info: ../images/spectra/jpas_sdss_37.png  used on input line 135.
(pdftex.def)             Requested size: 462.52686pt x 346.89514pt.
 <../images/spectra/jpas_sdss_37.png> <a0,fr37>
<../images/spectra/jpas_sdss_38.png, id=391, 462.528pt x 346.896pt>
File: ../images/spectra/jpas_sdss_38.png Graphic file (type png)
<use ../images/spectra/jpas_sdss_38.png>
Package pdftex.def Info: ../images/spectra/jpas_sdss_38.png  used on input line 135.
(pdftex.def)             Requested size: 462.52686pt x 346.89514pt.
 <../images/spectra/jpas_sdss_38.png> <a0,fr38>
<../images/spectra/jpas_sdss_39.png, id=395, 462.528pt x 346.896pt>
File: ../images/spectra/jpas_sdss_39.png Graphic file (type png)
<use ../images/spectra/jpas_sdss_39.png>
Package pdftex.def Info: ../images/spectra/jpas_sdss_39.png  used on input line 135.
(pdftex.def)             Requested size: 462.52686pt x 346.89514pt.
 <../images/spectra/jpas_sdss_39.png> <a0,fr39>
<../images/spectra/jpas_sdss_40.png, id=399, 462.528pt x 346.896pt>
File: ../images/spectra/jpas_sdss_40.png Graphic file (type png)
<use ../images/spectra/jpas_sdss_40.png>
Package pdftex.def Info: ../images/spectra/jpas_sdss_40.png  used on input line 135.
(pdftex.def)             Requested size: 462.52686pt x 346.89514pt.
 <../images/spectra/jpas_sdss_40.png> <a0,fr40>
<../images/spectra/jpas_sdss_41.png, id=403, 462.528pt x 346.896pt>
File: ../images/spectra/jpas_sdss_41.png Graphic file (type png)
<use ../images/spectra/jpas_sdss_41.png>
Package pdftex.def Info: ../images/spectra/jpas_sdss_41.png  used on input line 135.
(pdftex.def)             Requested size: 462.52686pt x 346.89514pt.
 <../images/spectra/jpas_sdss_41.png> <a0,fr41>
<../images/spectra/jpas_sdss_42.png, id=407, 462.528pt x 346.896pt>
File: ../images/spectra/jpas_sdss_42.png Graphic file (type png)
<use ../images/spectra/jpas_sdss_42.png>
Package pdftex.def Info: ../images/spectra/jpas_sdss_42.png  used on input line 135.
(pdftex.def)             Requested size: 462.52686pt x 346.89514pt.
 <../images/spectra/jpas_sdss_42.png> <a0,fr42>
<../images/spectra/jpas_sdss_43.png, id=411, 462.528pt x 346.896pt>
File: ../images/spectra/jpas_sdss_43.png Graphic file (type png)
<use ../images/spectra/jpas_sdss_43.png>
Package pdftex.def Info: ../images/spectra/jpas_sdss_43.png  used on input line 135.
(pdftex.def)             Requested size: 462.52686pt x 346.89514pt.
 <../images/spectra/jpas_sdss_43.png> <a0,fr43>
<../images/spectra/jpas_sdss_44.png, id=415, 462.528pt x 346.896pt>
File: ../images/spectra/jpas_sdss_44.png Graphic file (type png)
<use ../images/spectra/jpas_sdss_44.png>
Package pdftex.def Info: ../images/spectra/jpas_sdss_44.png  used on input line 135.
(pdftex.def)             Requested size: 462.52686pt x 346.89514pt.
 <../images/spectra/jpas_sdss_44.png> <a0,fr44>
<../images/spectra/jpas_sdss_45.png, id=419, 462.528pt x 346.896pt>
File: ../images/spectra/jpas_sdss_45.png Graphic file (type png)
<use ../images/spectra/jpas_sdss_45.png>
Package pdftex.def Info: ../images/spectra/jpas_sdss_45.png  used on input line 135.
(pdftex.def)             Requested size: 462.52686pt x 346.89514pt.
 <../images/spectra/jpas_sdss_45.png> <a0,fr45>
<../images/spectra/jpas_sdss_46.png, id=423, 462.528pt x 346.896pt>
File: ../images/spectra/jpas_sdss_46.png Graphic file (type png)
<use ../images/spectra/jpas_sdss_46.png>
Package pdftex.def Info: ../images/spectra/jpas_sdss_46.png  used on input line 135.
(pdftex.def)             Requested size: 462.52686pt x 346.89514pt.
 <../images/spectra/jpas_sdss_46.png> <a0,fr46>
<../images/spectra/jpas_sdss_47.png, id=427, 462.528pt x 346.896pt>
File: ../images/spectra/jpas_sdss_47.png Graphic file (type png)
<use ../images/spectra/jpas_sdss_47.png>
Package pdftex.def Info: ../images/spectra/jpas_sdss_47.png  used on input line 135.
(pdftex.def)             Requested size: 462.52686pt x 346.89514pt.
 <../images/spectra/jpas_sdss_47.png> <a0,fr47>
<../images/spectra/jpas_sdss_48.png, id=431, 462.528pt x 346.896pt>
File: ../images/spectra/jpas_sdss_48.png Graphic file (type png)
<use ../images/spectra/jpas_sdss_48.png>
Package pdftex.def Info: ../images/spectra/jpas_sdss_48.png  used on input line 135.
(pdftex.def)             Requested size: 462.52686pt x 346.89514pt.
 <../images/spectra/jpas_sdss_48.png> <a0,fr48>
<../images/spectra/jpas_sdss_49.png, id=435, 462.528pt x 346.896pt>
File: ../images/spectra/jpas_sdss_49.png Graphic file (type png)
<use ../images/spectra/jpas_sdss_49.png>
Package pdftex.def Info: ../images/spectra/jpas_sdss_49.png  used on input line 135.
(pdftex.def)             Requested size: 462.52686pt x 346.89514pt.
 <../images/spectra/jpas_sdss_49.png> <a0,fr49>
<../images/spectra/jpas_sdss_50.png, id=439, 462.528pt x 346.896pt>
File: ../images/spectra/jpas_sdss_50.png Graphic file (type png)
<use ../images/spectra/jpas_sdss_50.png>
Package pdftex.def Info: ../images/spectra/jpas_sdss_50.png  used on input line 135.
(pdftex.def)             Requested size: 462.52686pt x 346.89514pt.
 <../images/spectra/jpas_sdss_50.png> <a0,fr50>
<../images/spectra/jpas_sdss_51.png, id=443, 462.528pt x 346.896pt>
File: ../images/spectra/jpas_sdss_51.png Graphic file (type png)
<use ../images/spectra/jpas_sdss_51.png>
Package pdftex.def Info: ../images/spectra/jpas_sdss_51.png  used on input line 135.
(pdftex.def)             Requested size: 462.52686pt x 346.89514pt.
 <../images/spectra/jpas_sdss_51.png> <a0,fr51>
<../images/spectra/jpas_sdss_52.png, id=447, 462.528pt x 346.896pt>
File: ../images/spectra/jpas_sdss_52.png Graphic file (type png)
<use ../images/spectra/jpas_sdss_52.png>
Package pdftex.def Info: ../images/spectra/jpas_sdss_52.png  used on input line 135.
(pdftex.def)             Requested size: 462.52686pt x 346.89514pt.
 <../images/spectra/jpas_sdss_52.png> <a0,fr52>
<../images/spectra/jpas_sdss_53.png, id=451, 462.528pt x 346.896pt>
File: ../images/spectra/jpas_sdss_53.png Graphic file (type png)
<use ../images/spectra/jpas_sdss_53.png>
Package pdftex.def Info: ../images/spectra/jpas_sdss_53.png  used on input line 135.
(pdftex.def)             Requested size: 462.52686pt x 346.89514pt.
 <../images/spectra/jpas_sdss_53.png> <a0,fr53>
<../images/spectra/jpas_sdss_54.png, id=455, 462.528pt x 346.896pt>
File: ../images/spectra/jpas_sdss_54.png Graphic file (type png)
<use ../images/spectra/jpas_sdss_54.png>
Package pdftex.def Info: ../images/spectra/jpas_sdss_54.png  used on input line 135.
(pdftex.def)             Requested size: 462.52686pt x 346.89514pt.
 <../images/spectra/jpas_sdss_54.png> <a0,fr54>
<../images/spectra/jpas_sdss_55.png, id=459, 462.528pt x 346.896pt>
File: ../images/spectra/jpas_sdss_55.png Graphic file (type png)
<use ../images/spectra/jpas_sdss_55.png>
Package pdftex.def Info: ../images/spectra/jpas_sdss_55.png  used on input line 135.
(pdftex.def)             Requested size: 462.52686pt x 346.89514pt.
 <../images/spectra/jpas_sdss_55.png> <a0,fr55>
<../images/spectra/jpas_sdss_56.png, id=463, 462.528pt x 346.896pt>
File: ../images/spectra/jpas_sdss_56.png Graphic file (type png)
<use ../images/spectra/jpas_sdss_56.png>
Package pdftex.def Info: ../images/spectra/jpas_sdss_56.png  used on input line 135.
(pdftex.def)             Requested size: 462.52686pt x 346.89514pt.
 <../images/spectra/jpas_sdss_56.png> <a0,fr56>
<../images/spectra/jpas_sdss_57.png, id=467, 462.528pt x 346.896pt>
File: ../images/spectra/jpas_sdss_57.png Graphic file (type png)
<use ../images/spectra/jpas_sdss_57.png>
Package pdftex.def Info: ../images/spectra/jpas_sdss_57.png  used on input line 135.
(pdftex.def)             Requested size: 462.52686pt x 346.89514pt.
 <../images/spectra/jpas_sdss_57.png> <a0,fr57>
<../images/spectra/jpas_sdss_58.png, id=471, 462.528pt x 346.896pt>
File: ../images/spectra/jpas_sdss_58.png Graphic file (type png)
<use ../images/spectra/jpas_sdss_58.png>
Package pdftex.def Info: ../images/spectra/jpas_sdss_58.png  used on input line 135.
(pdftex.def)             Requested size: 462.52686pt x 346.89514pt.
 <../images/spectra/jpas_sdss_58.png> <a0,fr58>
<../images/spectra/jpas_sdss_59.png, id=475, 462.528pt x 346.896pt>
File: ../images/spectra/jpas_sdss_59.png Graphic file (type png)
<use ../images/spectra/jpas_sdss_59.png>
Package pdftex.def Info: ../images/spectra/jpas_sdss_59.png  used on input line 135.
(pdftex.def)             Requested size: 462.52686pt x 346.89514pt.
 <../images/spectra/jpas_sdss_59.png> <a0,fr59>
<../images/spectra/jpas_sdss_60.png, id=479, 462.528pt x 346.896pt>
File: ../images/spectra/jpas_sdss_60.png Graphic file (type png)
<use ../images/spectra/jpas_sdss_60.png>
Package pdftex.def Info: ../images/spectra/jpas_sdss_60.png  used on input line 135.
(pdftex.def)             Requested size: 462.52686pt x 346.89514pt.
 <../images/spectra/jpas_sdss_60.png> <a0,fr60>
<../images/spectra/jpas_sdss_61.png, id=483, 462.528pt x 346.896pt>
File: ../images/spectra/jpas_sdss_61.png Graphic file (type png)
<use ../images/spectra/jpas_sdss_61.png>
Package pdftex.def Info: ../images/spectra/jpas_sdss_61.png  used on input line 135.
(pdftex.def)             Requested size: 462.52686pt x 346.89514pt.
 <../images/spectra/jpas_sdss_61.png> <a0,fr61>
<../images/spectra/jpas_sdss_62.png, id=487, 462.528pt x 346.896pt>
File: ../images/spectra/jpas_sdss_62.png Graphic file (type png)
<use ../images/spectra/jpas_sdss_62.png>
Package pdftex.def Info: ../images/spectra/jpas_sdss_62.png  used on input line 135.
(pdftex.def)             Requested size: 462.52686pt x 346.89514pt.
 <../images/spectra/jpas_sdss_62.png> <a0,fr62>
<../images/spectra/jpas_sdss_63.png, id=491, 462.528pt x 346.896pt>
File: ../images/spectra/jpas_sdss_63.png Graphic file (type png)
<use ../images/spectra/jpas_sdss_63.png>
Package pdftex.def Info: ../images/spectra/jpas_sdss_63.png  used on input line 135.
(pdftex.def)             Requested size: 462.52686pt x 346.89514pt.
 <../images/spectra/jpas_sdss_63.png> <a0,fr63>
<../images/spectra/jpas_sdss_64.png, id=495, 462.528pt x 346.896pt>
File: ../images/spectra/jpas_sdss_64.png Graphic file (type png)
<use ../images/spectra/jpas_sdss_64.png>
Package pdftex.def Info: ../images/spectra/jpas_sdss_64.png  used on input line 135.
(pdftex.def)             Requested size: 462.52686pt x 346.89514pt.
 <../images/spectra/jpas_sdss_64.png> <a0,fr64>
<../images/spectra/jpas_sdss_65.png, id=499, 462.528pt x 346.896pt>
File: ../images/spectra/jpas_sdss_65.png Graphic file (type png)
<use ../images/spectra/jpas_sdss_65.png>
Package pdftex.def Info: ../images/spectra/jpas_sdss_65.png  used on input line 135.
(pdftex.def)             Requested size: 462.52686pt x 346.89514pt.
 <../images/spectra/jpas_sdss_65.png> <a0,fr65>
<../images/spectra/jpas_sdss_66.png, id=503, 462.528pt x 346.896pt>
File: ../images/spectra/jpas_sdss_66.png Graphic file (type png)
<use ../images/spectra/jpas_sdss_66.png>
Package pdftex.def Info: ../images/spectra/jpas_sdss_66.png  used on input line 135.
(pdftex.def)             Requested size: 462.52686pt x 346.89514pt.
 <../images/spectra/jpas_sdss_66.png> <a0,fr66>
<../images/spectra/jpas_sdss_67.png, id=507, 462.528pt x 346.896pt>
File: ../images/spectra/jpas_sdss_67.png Graphic file (type png)
<use ../images/spectra/jpas_sdss_67.png>
Package pdftex.def Info: ../images/spectra/jpas_sdss_67.png  used on input line 135.
(pdftex.def)             Requested size: 462.52686pt x 346.89514pt.
 <../images/spectra/jpas_sdss_67.png> <a0,fr67>
<../images/spectra/jpas_sdss_68.png, id=511, 462.528pt x 346.896pt>
File: ../images/spectra/jpas_sdss_68.png Graphic file (type png)
<use ../images/spectra/jpas_sdss_68.png>
Package pdftex.def Info: ../images/spectra/jpas_sdss_68.png  used on input line 135.
(pdftex.def)             Requested size: 462.52686pt x 346.89514pt.
 <../images/spectra/jpas_sdss_68.png> <a0,fr68>
<../images/spectra/jpas_sdss_69.png, id=515, 462.528pt x 346.896pt>
File: ../images/spectra/jpas_sdss_69.png Graphic file (type png)
<use ../images/spectra/jpas_sdss_69.png>
Package pdftex.def Info: ../images/spectra/jpas_sdss_69.png  used on input line 135.
(pdftex.def)             Requested size: 462.52686pt x 346.89514pt.
 <../images/spectra/jpas_sdss_69.png> <a0,fr69>
<../images/spectra/jpas_sdss_70.png, id=519, 462.528pt x 346.896pt>
File: ../images/spectra/jpas_sdss_70.png Graphic file (type png)
<use ../images/spectra/jpas_sdss_70.png>
Package pdftex.def Info: ../images/spectra/jpas_sdss_70.png  used on input line 135.
(pdftex.def)             Requested size: 462.52686pt x 346.89514pt.
 <../images/spectra/jpas_sdss_70.png> <a0,fr70>
<../images/spectra/jpas_sdss_71.png, id=523, 462.528pt x 346.896pt>
File: ../images/spectra/jpas_sdss_71.png Graphic file (type png)
<use ../images/spectra/jpas_sdss_71.png>
Package pdftex.def Info: ../images/spectra/jpas_sdss_71.png  used on input line 135.
(pdftex.def)             Requested size: 462.52686pt x 346.89514pt.
 <../images/spectra/jpas_sdss_71.png> <a0,fr71>
<../images/spectra/jpas_sdss_72.png, id=527, 462.528pt x 346.896pt>
File: ../images/spectra/jpas_sdss_72.png Graphic file (type png)
<use ../images/spectra/jpas_sdss_72.png>
Package pdftex.def Info: ../images/spectra/jpas_sdss_72.png  used on input line 135.
(pdftex.def)             Requested size: 462.52686pt x 346.89514pt.
 <../images/spectra/jpas_sdss_72.png> <a0,fr72>
<../images/spectra/jpas_sdss_73.png, id=531, 462.528pt x 346.896pt>
File: ../images/spectra/jpas_sdss_73.png Graphic file (type png)
<use ../images/spectra/jpas_sdss_73.png>
Package pdftex.def Info: ../images/spectra/jpas_sdss_73.png  used on input line 135.
(pdftex.def)             Requested size: 462.52686pt x 346.89514pt.
 <../images/spectra/jpas_sdss_73.png> <a0,fr73>
<../images/spectra/jpas_sdss_74.png, id=535, 462.528pt x 346.896pt>
File: ../images/spectra/jpas_sdss_74.png Graphic file (type png)
<use ../images/spectra/jpas_sdss_74.png>
Package pdftex.def Info: ../images/spectra/jpas_sdss_74.png  used on input line 135.
(pdftex.def)             Requested size: 462.52686pt x 346.89514pt.
 <../images/spectra/jpas_sdss_74.png> <a0,fr74>
<../images/spectra/jpas_sdss_75.png, id=539, 462.528pt x 346.896pt>
File: ../images/spectra/jpas_sdss_75.png Graphic file (type png)
<use ../images/spectra/jpas_sdss_75.png>
Package pdftex.def Info: ../images/spectra/jpas_sdss_75.png  used on input line 135.
(pdftex.def)             Requested size: 462.52686pt x 346.89514pt.
 <../images/spectra/jpas_sdss_75.png> <a0,fr75>
<../images/spectra/jpas_sdss_76.png, id=543, 462.528pt x 346.896pt>
File: ../images/spectra/jpas_sdss_76.png Graphic file (type png)
<use ../images/spectra/jpas_sdss_76.png>
Package pdftex.def Info: ../images/spectra/jpas_sdss_76.png  used on input line 135.
(pdftex.def)             Requested size: 462.52686pt x 346.89514pt.
 <../images/spectra/jpas_sdss_76.png> <a0,fr76>
<../images/spectra/jpas_sdss_77.png, id=547, 462.528pt x 346.896pt>
File: ../images/spectra/jpas_sdss_77.png Graphic file (type png)
<use ../images/spectra/jpas_sdss_77.png>
Package pdftex.def Info: ../images/spectra/jpas_sdss_77.png  used on input line 135.
(pdftex.def)             Requested size: 462.52686pt x 346.89514pt.
 <../images/spectra/jpas_sdss_77.png> <a0,fr77>
<../images/spectra/jpas_sdss_78.png, id=551, 462.528pt x 346.896pt>
File: ../images/spectra/jpas_sdss_78.png Graphic file (type png)
<use ../images/spectra/jpas_sdss_78.png>
Package pdftex.def Info: ../images/spectra/jpas_sdss_78.png  used on input line 135.
(pdftex.def)             Requested size: 462.52686pt x 346.89514pt.
 <../images/spectra/jpas_sdss_78.png> <a0,fr78>
<../images/spectra/jpas_sdss_79.png, id=555, 462.528pt x 346.896pt>
File: ../images/spectra/jpas_sdss_79.png Graphic file (type png)
<use ../images/spectra/jpas_sdss_79.png>
Package pdftex.def Info: ../images/spectra/jpas_sdss_79.png  used on input line 135.
(pdftex.def)             Requested size: 462.52686pt x 346.89514pt.
 <../images/spectra/jpas_sdss_79.png> <a0,fr79>
<../images/spectra/jpas_sdss_80.png, id=559, 462.528pt x 346.896pt>
File: ../images/spectra/jpas_sdss_80.png Graphic file (type png)
<use ../images/spectra/jpas_sdss_80.png>
Package pdftex.def Info: ../images/spectra/jpas_sdss_80.png  used on input line 135.
(pdftex.def)             Requested size: 462.52686pt x 346.89514pt.
 <../images/spectra/jpas_sdss_80.png> <a0,fr80>
<../images/spectra/jpas_sdss_81.png, id=563, 462.528pt x 346.896pt>
File: ../images/spectra/jpas_sdss_81.png Graphic file (type png)
<use ../images/spectra/jpas_sdss_81.png>
Package pdftex.def Info: ../images/spectra/jpas_sdss_81.png  used on input line 135.
(pdftex.def)             Requested size: 462.52686pt x 346.89514pt.
 <../images/spectra/jpas_sdss_81.png> <a0,fr81>
<../images/spectra/jpas_sdss_82.png, id=567, 462.528pt x 346.896pt>
File: ../images/spectra/jpas_sdss_82.png Graphic file (type png)
<use ../images/spectra/jpas_sdss_82.png>
Package pdftex.def Info: ../images/spectra/jpas_sdss_82.png  used on input line 135.
(pdftex.def)             Requested size: 462.52686pt x 346.89514pt.
 <../images/spectra/jpas_sdss_82.png> <a0,fr82>
<../images/spectra/jpas_sdss_83.png, id=571, 462.528pt x 346.896pt>
File: ../images/spectra/jpas_sdss_83.png Graphic file (type png)
<use ../images/spectra/jpas_sdss_83.png>
Package pdftex.def Info: ../images/spectra/jpas_sdss_83.png  used on input line 135.
(pdftex.def)             Requested size: 462.52686pt x 346.89514pt.
 <../images/spectra/jpas_sdss_83.png> <a0,fr83>
<../images/spectra/jpas_sdss_84.png, id=575, 462.528pt x 346.896pt>
File: ../images/spectra/jpas_sdss_84.png Graphic file (type png)
<use ../images/spectra/jpas_sdss_84.png>
Package pdftex.def Info: ../images/spectra/jpas_sdss_84.png  used on input line 135.
(pdftex.def)             Requested size: 462.52686pt x 346.89514pt.
 <../images/spectra/jpas_sdss_84.png> <a0,fr84>
<../images/spectra/jpas_sdss_85.png, id=579, 462.528pt x 346.896pt>
File: ../images/spectra/jpas_sdss_85.png Graphic file (type png)
<use ../images/spectra/jpas_sdss_85.png>
Package pdftex.def Info: ../images/spectra/jpas_sdss_85.png  used on input line 135.
(pdftex.def)             Requested size: 462.52686pt x 346.89514pt.
 <../images/spectra/jpas_sdss_85.png> <a0,fr85>
<../images/spectra/jpas_sdss_86.png, id=583, 462.528pt x 346.896pt>
File: ../images/spectra/jpas_sdss_86.png Graphic file (type png)
<use ../images/spectra/jpas_sdss_86.png>
Package pdftex.def Info: ../images/spectra/jpas_sdss_86.png  used on input line 135.
(pdftex.def)             Requested size: 462.52686pt x 346.89514pt.
 <../images/spectra/jpas_sdss_86.png> <a0,fr86>
<../images/spectra/jpas_sdss_87.png, id=587, 462.528pt x 346.896pt>
File: ../images/spectra/jpas_sdss_87.png Graphic file (type png)
<use ../images/spectra/jpas_sdss_87.png>
Package pdftex.def Info: ../images/spectra/jpas_sdss_87.png  used on input line 135.
(pdftex.def)             Requested size: 462.52686pt x 346.89514pt.
 <../images/spectra/jpas_sdss_87.png> <a0,fr87>
<../images/spectra/jpas_sdss_88.png, id=591, 462.528pt x 346.896pt>
File: ../images/spectra/jpas_sdss_88.png Graphic file (type png)
<use ../images/spectra/jpas_sdss_88.png>
Package pdftex.def Info: ../images/spectra/jpas_sdss_88.png  used on input line 135.
(pdftex.def)             Requested size: 462.52686pt x 346.89514pt.
 <../images/spectra/jpas_sdss_88.png> <a0,fr88>
<../images/spectra/jpas_sdss_89.png, id=595, 462.528pt x 346.896pt>
File: ../images/spectra/jpas_sdss_89.png Graphic file (type png)
<use ../images/spectra/jpas_sdss_89.png>
Package pdftex.def Info: ../images/spectra/jpas_sdss_89.png  used on input line 135.
(pdftex.def)             Requested size: 462.52686pt x 346.89514pt.
 <../images/spectra/jpas_sdss_89.png> <a0,fr89>
<../images/spectra/jpas_sdss_90.png, id=599, 462.528pt x 346.896pt>
File: ../images/spectra/jpas_sdss_90.png Graphic file (type png)
<use ../images/spectra/jpas_sdss_90.png>
Package pdftex.def Info: ../images/spectra/jpas_sdss_90.png  used on input line 135.
(pdftex.def)             Requested size: 462.52686pt x 346.89514pt.
 <../images/spectra/jpas_sdss_90.png> <a0,fr90>
<../images/spectra/jpas_sdss_91.png, id=603, 462.528pt x 346.896pt>
File: ../images/spectra/jpas_sdss_91.png Graphic file (type png)
<use ../images/spectra/jpas_sdss_91.png>
Package pdftex.def Info: ../images/spectra/jpas_sdss_91.png  used on input line 135.
(pdftex.def)             Requested size: 462.52686pt x 346.89514pt.
 <../images/spectra/jpas_sdss_91.png> <a0,fr91>
<../images/spectra/jpas_sdss_92.png, id=607, 462.528pt x 346.896pt>
File: ../images/spectra/jpas_sdss_92.png Graphic file (type png)
<use ../images/spectra/jpas_sdss_92.png>
Package pdftex.def Info: ../images/spectra/jpas_sdss_92.png  used on input line 135.
(pdftex.def)             Requested size: 462.52686pt x 346.89514pt.
 <../images/spectra/jpas_sdss_92.png> <a0,fr92>
<../images/spectra/jpas_sdss_93.png, id=611, 462.528pt x 346.896pt>
File: ../images/spectra/jpas_sdss_93.png Graphic file (type png)
<use ../images/spectra/jpas_sdss_93.png>
Package pdftex.def Info: ../images/spectra/jpas_sdss_93.png  used on input line 135.
(pdftex.def)             Requested size: 462.52686pt x 346.89514pt.
 <../images/spectra/jpas_sdss_93.png> <a0,fr93>
<../images/spectra/jpas_sdss_94.png, id=615, 462.528pt x 346.896pt>
File: ../images/spectra/jpas_sdss_94.png Graphic file (type png)
<use ../images/spectra/jpas_sdss_94.png>
Package pdftex.def Info: ../images/spectra/jpas_sdss_94.png  used on input line 135.
(pdftex.def)             Requested size: 462.52686pt x 346.89514pt.
 <../images/spectra/jpas_sdss_94.png> <a0,fr94>
<../images/spectra/jpas_sdss_95.png, id=619, 462.528pt x 346.896pt>
File: ../images/spectra/jpas_sdss_95.png Graphic file (type png)
<use ../images/spectra/jpas_sdss_95.png>
Package pdftex.def Info: ../images/spectra/jpas_sdss_95.png  used on input line 135.
(pdftex.def)             Requested size: 462.52686pt x 346.89514pt.
 <../images/spectra/jpas_sdss_95.png> <a0,fr95>
<../images/spectra/jpas_sdss_96.png, id=623, 462.528pt x 346.896pt>
File: ../images/spectra/jpas_sdss_96.png Graphic file (type png)
<use ../images/spectra/jpas_sdss_96.png>
Package pdftex.def Info: ../images/spectra/jpas_sdss_96.png  used on input line 135.
(pdftex.def)             Requested size: 462.52686pt x 346.89514pt.
 <../images/spectra/jpas_sdss_96.png> <a0,fr96>
<../images/spectra/jpas_sdss_97.png, id=627, 462.528pt x 346.896pt>
File: ../images/spectra/jpas_sdss_97.png Graphic file (type png)
<use ../images/spectra/jpas_sdss_97.png>
Package pdftex.def Info: ../images/spectra/jpas_sdss_97.png  used on input line 135.
(pdftex.def)             Requested size: 462.52686pt x 346.89514pt.
 <../images/spectra/jpas_sdss_97.png> <a0,fr97>
<../images/spectra/jpas_sdss_98.png, id=631, 462.528pt x 346.896pt>
File: ../images/spectra/jpas_sdss_98.png Graphic file (type png)
<use ../images/spectra/jpas_sdss_98.png>
Package pdftex.def Info: ../images/spectra/jpas_sdss_98.png  used on input line 135.
(pdftex.def)             Requested size: 462.52686pt x 346.89514pt.
 <../images/spectra/jpas_sdss_98.png> <a0,fr98> [9

]
<../images/SDSS and JPAS.png, id=764, 411.939pt x 346.896pt>
File: ../images/SDSS and JPAS.png Graphic file (type png)
<use ../images/SDSS and JPAS.png>
Package pdftex.def Info: ../images/SDSS and JPAS.png  used on input line 154.
(pdftex.def)             Requested size: 184.3758pt x 155.26013pt.
 [10

 <../images/SDSS and JPAS.png>]
<../images/SDSS and J-PAS difference.png, id=793, 414.1071pt x 346.896pt>
File: ../images/SDSS and J-PAS difference.png Graphic file (type png)
<use ../images/SDSS and J-PAS difference.png>
Package pdftex.def Info: ../images/SDSS and J-PAS difference.png  used on input line 154.
(pdftex.def)             Requested size: 184.3758pt x 154.45027pt.
 [11

 <../images/SDSS and J-PAS difference.png>] [12

] [13

]
\tf@nav=\write6
\openout6 = `presentatiom.nav'.

\tf@toc=\write7
\openout7 = `presentatiom.toc'.

\tf@snm=\write8
\openout8 = `presentatiom.snm'.

 (presentatiom.aux)
 ***********
LaTeX2e <2023-11-01> patch level 1
L3 programming layer <2024-01-04>
 ***********
Package rerunfilecheck Info: File `presentatiom.out' has not changed.
(rerunfilecheck)             Checksum: D41D8CD98F00B204E9800998ECF8427E;0.
 ) 
Here is how much of TeX's memory you used:
 26169 strings out of 474485
 523565 string characters out of 5743733
 1967542 words of memory out of 5000000
 47941 multiletter control sequences out of 15000+600000
 565598 words of font info for 63 fonts, out of 8000000 for 9000
 1141 hyphenation exceptions out of 8191
 128i,14n,123p,430b,1428s stack positions out of 10000i,1000n,20000p,200000b,200000s
<C:/Users/kovai/AppData/Local/Programs/MiKTeX/fonts/type1/public/amsfonts/cm/cmss10.pfb><C:/Users/kovai/AppData/Local/Programs/MiKTeX/fonts/type1/public/amsfonts/cm/cmss12.pfb><C:/Users/kovai/AppData/Local/Programs/MiKTeX/fonts/type1/public/amsfonts/cm/cmss17.pfb><C:/Users/kovai/AppData/Local/Programs/MiKTeX/fonts/type1/public/amsfonts/cm/cmtt10.pfb><C:/Users/kovai/AppData/Local/Programs/MiKTeX/fonts/type1/public/amsfonts/symbols/msam10.pfb>
Output written on presentatiom.pdf (13 pages, 7227555 bytes).
PDF statistics:
 902 PDF objects out of 1000 (max. 8388607)
 27 named destinations out of 1000 (max. 500000)
 1180 words of extra memory for PDF output out of 10000 (max. 10000000)

